2024-05-31 23:52:16.861 [info] Using settings sync service https://vscode-sync.trafficmanager.net/
2024-05-31 23:52:16.861 [info] Auto Sync is enabled.
2024-05-31 23:52:16.861 [info] Auto Sync: Suspended until auth token is available.
2024-05-31 23:52:17.096 [info] Deleting non existing profile from backup /home/naturalcapsule/.config/Code/User/sync/settings
2024-05-31 23:52:17.276 [info] Auto Sync: Triggered by Interval
2024-05-31 23:52:17.276 [info] Sync started.
2024-05-31 23:52:17.850 [info] Settings: Last sync resource does not exist locally.
2024-05-31 23:52:17.962 [info] Settings: No changes found during synchronizing settings.
2024-05-31 23:52:17.963 [info] Sync done. Took 688ms
2024-05-31 23:52:44.364 [info] Auto Sync: Triggered by Activity
2024-05-31 23:52:44.364 [info] Sync started.
2024-05-31 23:52:44.449 [info] Settings: No changes found during synchronizing settings.
2024-05-31 23:52:44.450 [info] Sync done. Took 86ms
2024-05-31 23:52:58.583 [info] Auto Sync: Triggered by Activity
2024-05-31 23:52:58.583 [info] Sync started.
2024-05-31 23:52:58.674 [info] Settings: No changes found during synchronizing settings.
2024-05-31 23:52:58.674 [info] Sync done. Took 92ms
2024-05-31 23:56:02.375 [info] Auto Sync: Triggered by Activity
2024-05-31 23:56:02.375 [info] Sync started.
2024-05-31 23:56:03.310 [info] Settings: No changes found during synchronizing settings.
2024-05-31 23:56:03.311 [info] Sync done. Took 937ms
2024-05-31 23:56:26.210 [info] Auto Sync: Triggered by Activity
2024-05-31 23:56:26.210 [info] Sync started.
2024-05-31 23:56:26.314 [info] Settings: No changes found during synchronizing settings.
2024-05-31 23:56:26.315 [info] Sync done. Took 106ms
2024-05-31 23:57:19.756 [info] Auto Sync: Triggered by Activity
2024-05-31 23:57:19.756 [info] Sync started.
2024-05-31 23:57:19.861 [info] Settings: No changes found during synchronizing settings.
2024-05-31 23:57:19.862 [info] Sync done. Took 107ms
2024-05-31 23:58:42.271 [info] Auto Sync: Triggered by Activity
2024-05-31 23:58:42.271 [info] Sync started.
2024-05-31 23:58:42.384 [info] Settings: No changes found during synchronizing settings.
2024-05-31 23:58:42.385 [info] Sync done. Took 114ms
2024-05-31 23:59:04.780 [info] Auto Sync: Triggered by Activity
2024-05-31 23:59:04.780 [info] Sync started.
2024-05-31 23:59:04.875 [info] Settings: No changes found during synchronizing settings.
2024-05-31 23:59:04.876 [info] Sync done. Took 96ms
2024-06-01 00:00:12.464 [info] Auto Sync: Triggered by Activity
2024-06-01 00:00:12.464 [info] Sync started.
2024-06-01 00:00:12.561 [info] Settings: No changes found during synchronizing settings.
2024-06-01 00:00:12.562 [info] Sync done. Took 97ms
2024-06-01 00:01:04.268 [info] Auto Sync: Triggered by Activity
2024-06-01 00:01:04.268 [info] Sync started.
2024-06-01 00:01:04.369 [info] Settings: No changes found during synchronizing settings.
2024-06-01 00:01:04.370 [info] Sync done. Took 103ms
2024-06-01 00:01:58.386 [info] Auto Sync: Triggered by Activity
2024-06-01 00:01:58.386 [info] Sync started.
2024-06-01 00:01:58.486 [info] Settings: No changes found during synchronizing settings.
2024-06-01 00:01:58.487 [info] Sync done. Took 101ms
2024-06-01 00:02:14.100 [info] Auto Sync: Triggered by Activity
2024-06-01 00:02:14.100 [info] Sync started.
2024-06-01 00:02:14.199 [info] Settings: No changes found during synchronizing settings.
2024-06-01 00:02:14.200 [info] Sync done. Took 100ms
2024-06-01 00:02:32.874 [info] Auto Sync: Triggered by Activity
2024-06-01 00:02:32.874 [info] Sync started.
2024-06-01 00:02:32.971 [info] Settings: No changes found during synchronizing settings.
2024-06-01 00:02:32.973 [info] Sync done. Took 100ms
2024-06-01 00:02:49.308 [info] Auto Sync: Triggered by Activity
2024-06-01 00:02:49.309 [info] Sync started.
2024-06-01 00:02:49.409 [info] Settings: No changes found during synchronizing settings.
2024-06-01 00:02:49.409 [info] Sync done. Took 101ms
