Visual Studio Code (1.89.1, undefined, desktop)
Jupyter Extension Version: 2024.4.0.
Python Extension Version: 2024.6.0.
Pylance Extension Version: 2024.5.1.
Platform: linux (x64).
Workspace folder ~/python, Home = /home/naturalcapsule
23:30:39.292 [info] Starting Kernel startUsingPythonInterpreter, .jvsc74a57bd0e7370f93d1d0cde622a1f8e1c04877d8463912d04d973331ad4851f04de6915a./bin/python./bin/python.-m#ipykernel_launcher  (Python Path: /bin/python, Unknown, Python 3.12.3, 3.12.3) for '~/python/main.ipynb' (disableUI=true)
23:30:39.313 [warn] Failed to get activated env vars for /bin/python in 22ms
23:30:39.326 [info] Process Execution: /bin/python -c "import site;print("USER_BASE_VALUE");print(site.USER_BASE);print("USER_BASE_VALUE");"
23:30:39.329 [warn] Failed to get activated env vars for /bin/python in 26ms
23:30:39.353 [info] Process Execution: /bin/python -m pip list
23:30:39.358 [info] Process Execution: /bin/python -c "import ipykernel; print(ipykernel.__version__); print("5dc3a68c-e34e-4080-9c3e-2a532b2ccb4d"); print(ipykernel.__file__)"
23:30:39.364 [info] Process Execution: /bin/python -m ipykernel_launcher --f=/home/~/.local/share/jupyter/runtime/kernel-v2-4169jBuUwOq9d8zv.json
    > cwd: //home/~/python
23:30:40.222 [info] Process Execution: /bin/python /home/~/.vscode/extensions/ms-toolsai.jupyter-2024.4.0-linux-x64/pythonFiles/printJupyterDataDir.py
23:30:52.787 [info] Handle Execution of Cells 0 for ~/python/main.ipynb
23:30:53.617 [info] Cell 0 completed in 0.823s (start: 1717273852793, end: 1717273853616)
23:30:57.833 [info] Handle Execution of Cells 1 for ~/python/main.ipynb
23:30:58.037 [info] Cell 1 completed in 0.201s (start: 1717273857836, end: 1717273858037)
23:31:01.707 [info] Handle Execution of Cells 2 for ~/python/main.ipynb
23:31:01.721 [info] Cell 2 completed in 0.011s (start: 1717273861710, end: 1717273861721)
23:31:06.226 [info] Handle Execution of Cells 3 for ~/python/main.ipynb
23:31:07.228 [info] Cell 3 completed in 0.997s (start: 1717273866230, end: 1717273867227)
23:31:13.132 [info] Handle Execution of Cells 4 for ~/python/main.ipynb
23:31:13.925 [info] Cell 4 completed in 0.789s (start: 1717273873136, end: 1717273873925)
23:31:18.921 [info] Handle Execution of Cells 5 for ~/python/main.ipynb
