2024-05-31 17:47:37.513 [info] Log level: Info
2024-05-31 17:47:37.513 [info] Validating found git in: "git"
2024-05-31 17:47:37.513 [info] Using git "2.45.1" from "git"
2024-05-31 17:47:37.513 [info] > git rev-parse --show-toplevel [3ms]
2024-05-31 17:47:37.513 [info] fatal: not a git repository (or any parent up to mount point /)
Stopping at filesystem boundary (GIT_DISCOVERY_ACROSS_FILESYSTEM not set).
2024-05-31 17:47:53.228 [info] Log level: Info
2024-05-31 17:47:53.228 [info] Validating found git in: "git"
2024-05-31 17:47:53.228 [info] Using git "2.45.1" from "git"
2024-05-31 17:47:53.228 [info] > git rev-parse --show-toplevel [2ms]
2024-05-31 17:47:53.228 [info] fatal: not a git repository (or any parent up to mount point /)
Stopping at filesystem boundary (GIT_DISCOVERY_ACROSS_FILESYSTEM not set).
2024-05-31 17:47:53.232 [info] > git rev-parse --show-toplevel [1ms]
2024-05-31 17:47:53.232 [info] fatal: not a git repository (or any parent up to mount point /)
Stopping at filesystem boundary (GIT_DISCOVERY_ACROSS_FILESYSTEM not set).
2024-05-31 17:47:53.459 [info] > git rev-parse --show-toplevel [17ms]
2024-05-31 17:47:53.459 [info] fatal: not a git repository (or any parent up to mount point /)
Stopping at filesystem boundary (GIT_DISCOVERY_ACROSS_FILESYSTEM not set).
2024-05-31 17:47:56.577 [info] > git rev-parse --show-toplevel [0ms]
2024-05-31 17:47:56.577 [info] fatal: not a git repository (or any parent up to mount point /)
Stopping at filesystem boundary (GIT_DISCOVERY_ACROSS_FILESYSTEM not set).
2024-05-31 17:47:56.958 [info] > git rev-parse --show-toplevel [1ms]
2024-05-31 17:47:56.958 [info] fatal: not a git repository (or any parent up to mount point /)
Stopping at filesystem boundary (GIT_DISCOVERY_ACROSS_FILESYSTEM not set).
2024-05-31 17:48:36.579 [info] > git rev-parse --show-toplevel [1ms]
2024-05-31 17:48:36.579 [info] fatal: not a git repository (or any parent up to mount point /)
Stopping at filesystem boundary (GIT_DISCOVERY_ACROSS_FILESYSTEM not set).
2024-05-31 17:48:39.293 [info] > git rev-parse --show-toplevel [9ms]
2024-05-31 17:48:39.293 [info] fatal: not a git repository (or any parent up to mount point /)
Stopping at filesystem boundary (GIT_DISCOVERY_ACROSS_FILESYSTEM not set).
2024-05-31 17:48:43.141 [info] > git rev-parse --show-toplevel [1ms]
2024-05-31 17:48:43.141 [info] fatal: not a git repository (or any parent up to mount point /)
Stopping at filesystem boundary (GIT_DISCOVERY_ACROSS_FILESYSTEM not set).
2024-05-31 17:49:01.121 [info] > git rev-parse --show-toplevel [1ms]
2024-05-31 17:49:01.121 [info] fatal: not a git repository (or any parent up to mount point /)
Stopping at filesystem boundary (GIT_DISCOVERY_ACROSS_FILESYSTEM not set).
2024-05-31 17:49:44.454 [info] > git rev-parse --show-toplevel [2ms]
2024-05-31 17:49:44.454 [info] fatal: not a git repository (or any parent up to mount point /)
Stopping at filesystem boundary (GIT_DISCOVERY_ACROSS_FILESYSTEM not set).
2024-05-31 17:49:44.518 [info] > git rev-parse --show-toplevel [1ms]
2024-05-31 17:49:44.518 [info] fatal: not a git repository (or any parent up to mount point /)
Stopping at filesystem boundary (GIT_DISCOVERY_ACROSS_FILESYSTEM not set).
2024-05-31 17:51:06.285 [info] > git rev-parse --show-toplevel [0ms]
2024-05-31 17:51:06.285 [info] fatal: not a git repository (or any parent up to mount point /)
Stopping at filesystem boundary (GIT_DISCOVERY_ACROSS_FILESYSTEM not set).
2024-05-31 17:51:06.360 [info] > git rev-parse --show-toplevel [2ms]
2024-05-31 17:51:06.360 [info] fatal: not a git repository (or any parent up to mount point /)
Stopping at filesystem boundary (GIT_DISCOVERY_ACROSS_FILESYSTEM not set).
2024-05-31 17:51:10.094 [info] > git rev-parse --show-toplevel [1ms]
2024-05-31 17:51:10.094 [info] fatal: not a git repository (or any parent up to mount point /)
Stopping at filesystem boundary (GIT_DISCOVERY_ACROSS_FILESYSTEM not set).
2024-05-31 17:51:10.279 [info] > git rev-parse --show-toplevel [2ms]
2024-05-31 17:51:10.279 [info] fatal: not a git repository (or any parent up to mount point /)
Stopping at filesystem boundary (GIT_DISCOVERY_ACROSS_FILESYSTEM not set).
