2024-05-31 17:55:03.036 [info] Experiment 'pythonCreateEnvOnPipInstall' is active
2024-05-31 17:55:03.036 [info] Experiment 'pythonRecommendTensorboardExt' is active
2024-05-31 17:55:03.036 [info] Experiment 'pythonTerminalEnvVarActivation' is active
2024-05-31 17:55:03.036 [info] Experiment 'pythonTestAdapter' is active
2024-05-31 17:55:03.036 [info] Default formatter is set to null for workspace /home/naturalcapsule/python
2024-05-31 17:55:03.036 [info] Python interpreter path: /bin/python
2024-05-31 17:55:03.048 [info] > pyenv which python
2024-05-31 17:55:03.048 [info] cwd: .
2024-05-31 17:55:03.067 [info] > conda info --json
2024-05-31 17:55:04.069 [warning] Shell integration may not be active, environment activated may be overridden by the shell.
2024-05-31 17:55:04.109 [info] Starting Pylance language server.
2024-05-31 17:55:18.577 [info] Discover tests for workspace name: python - uri: /home/naturalcapsule/python/MyProject.py
2024-05-31 17:55:18.665 [info] CreateEnv Trigger - Skipping for /home/naturalcapsule/python/MyProject.py
2024-05-31 17:55:18.745 [info] Send text to terminal: /bin/python /home/naturalcapsule/python/MyProject.py
2024-05-31 17:55:40.813 [info] Discover tests for workspace name: python - uri: /home/naturalcapsule/python/MyProject.py
2024-05-31 17:55:41.619 [info] Send text to terminal: /bin/python /home/naturalcapsule/python/MyProject.py
2024-05-31 18:00:11.181 [info] Discover tests for workspace name: python - uri: /home/naturalcapsule/python/MyProject.py
2024-05-31 18:00:24.750 [info] Discover tests for workspace name: python - uri: /home/naturalcapsule/python/MyProject.py
2024-05-31 18:00:28.399 [info] Discover tests for workspace name: python - uri: /home/naturalcapsule/python/MyProject.py
2024-05-31 18:00:33.860 [info] Discover tests for workspace name: python - uri: /home/naturalcapsule/python/MyProject.py
2024-05-31 18:00:34.988 [info] Discover tests for workspace name: python - uri: /home/naturalcapsule/python/MyProject.py
2024-05-31 18:00:41.292 [info] Discover tests for workspace name: python - uri: /home/naturalcapsule/python/MyProject.py
2024-05-31 18:00:42.759 [info] Discover tests for workspace name: python - uri: /home/naturalcapsule/python/MyProject.py
2024-05-31 18:00:46.265 [info] Discover tests for workspace name: python - uri: /home/naturalcapsule/python/MyProject.py
2024-05-31 18:00:46.920 [info] Send text to terminal: /bin/python /home/naturalcapsule/python/MyProject.py
2024-05-31 18:00:59.635 [info] Discover tests for workspace name: python - uri: /home/naturalcapsule/python/MyProject.py
2024-05-31 18:01:01.846 [info] Discover tests for workspace name: python - uri: /home/naturalcapsule/python/MyProject.py
2024-05-31 18:01:20.603 [info] Discover tests for workspace name: python - uri: /home/naturalcapsule/python/MyProject.py
2024-05-31 18:01:29.100 [info] Discover tests for workspace name: python - uri: /home/naturalcapsule/python/MyProject.py
2024-05-31 18:01:32.362 [info] Discover tests for workspace name: python - uri: /home/naturalcapsule/python/MyProject.py
2024-05-31 18:01:39.348 [info] Discover tests for workspace name: python - uri: /home/naturalcapsule/python/MyProject.py
2024-05-31 18:01:42.382 [info] Discover tests for workspace name: python - uri: /home/naturalcapsule/python/MyProject.py
2024-05-31 18:01:58.917 [info] Discover tests for workspace name: python - uri: /home/naturalcapsule/python/MyProject.py
2024-05-31 18:02:04.363 [info] Discover tests for workspace name: python - uri: /home/naturalcapsule/python/MyProject.py
2024-05-31 18:02:08.817 [info] Discover tests for workspace name: python - uri: /home/naturalcapsule/python/MyProject.py
2024-05-31 18:02:12.965 [info] Discover tests for workspace name: python - uri: /home/naturalcapsule/python/MyProject.py
2024-05-31 18:02:17.087 [info] Discover tests for workspace name: python - uri: /home/naturalcapsule/python/MyProject.py
2024-05-31 18:02:25.123 [info] Discover tests for workspace name: python - uri: /home/naturalcapsule/python/MyProject.py
2024-05-31 18:02:27.236 [info] Send text to terminal: /bin/python /home/naturalcapsule/python/MyProject.py
2024-05-31 18:02:37.441 [info] Discover tests for workspace name: python - uri: /home/naturalcapsule/python/MyProject.py
2024-05-31 18:02:39.981 [info] Discover tests for workspace name: python - uri: /home/naturalcapsule/python/MyProject.py
2024-05-31 18:02:42.572 [info] Discover tests for workspace name: python - uri: /home/naturalcapsule/python/MyProject.py
2024-05-31 18:02:44.840 [info] Discover tests for workspace name: python - uri: /home/naturalcapsule/python/MyProject.py
2024-05-31 18:02:45.050 [info] Send text to terminal: /bin/python /home/naturalcapsule/python/MyProject.py
2024-05-31 18:02:58.342 [info] Discover tests for workspace name: python - uri: /home/naturalcapsule/python/MyProject.py
2024-05-31 18:02:58.469 [info] Send text to terminal: /bin/python /home/naturalcapsule/python/MyProject.py
