2024-05-31 23:30:59.329 [info] Added views:workbench.panel.markers.view in workbench.panel.markers
2024-05-31 23:30:59.329 [info] Added views:workbench.panel.output in workbench.panel.output
2024-05-31 23:30:59.329 [info] Added views:terminal in terminal
2024-05-31 23:30:59.329 [info] Added views:outline in workbench.view.explorer
2024-05-31 23:30:59.329 [info] Added views:workbench.scm in workbench.view.scm
2024-05-31 23:30:59.329 [info] Added views:workbench.view.search in workbench.view.search
2024-05-31 23:30:59.329 [info] Added views:timeline in workbench.view.explorer
2024-05-31 23:30:59.329 [info] Added views:workbench.explorer.emptyView in workbench.view.explorer
2024-05-31 23:30:59.476 [info] Added views:workbench.debug.welcome in workbench.view.debug
2024-05-31 23:30:59.582 [info] Added views:gitlens.views.home,gitlens.views.workspaces,gitlens.views.account in workbench.view.extension.gitlens
2024-05-31 23:30:59.582 [info] Added views:gitlens.views.commitDetails,gitlens.views.lineHistory,gitlens.views.fileHistory,gitlens.views.searchAndCompare in workbench.view.extension.gitlensInspect
2024-05-31 23:30:59.583 [info] Added views:gitlens.views.commits,gitlens.views.branches,gitlens.views.remotes,gitlens.views.stashes,gitlens.views.tags,gitlens.views.contributors in workbench.view.scm
2024-05-31 23:30:59.828 [info] Added views:workbench.panel.repl.view in workbench.panel.repl
2024-05-31 23:31:00.263 [info] Added views:~remote.forwardedPorts in ~remote.forwardedPortsContainer
2024-05-31 23:31:00.851 [info] Removed views:gitlens.views.searchAndCompare,gitlens.views.fileHistory,gitlens.views.lineHistory,gitlens.views.commitDetails from workbench.view.extension.gitlensInspect
2024-05-31 23:31:00.851 [info] Removed views:gitlens.views.contributors,gitlens.views.tags,gitlens.views.stashes,gitlens.views.remotes,gitlens.views.branches,gitlens.views.commits from workbench.view.scm
2024-05-31 23:31:00.895 [info] Added views:gitlens.views.drafts in workbench.view.extension.gitlens
2024-05-31 23:31:01.024 [info] Added views:gitlens.views.commitDetails,gitlens.views.lineHistory,gitlens.views.fileHistory,gitlens.views.searchAndCompare in workbench.view.extension.gitlensInspect
2024-05-31 23:31:01.025 [info] Added views:gitlens.views.commits,gitlens.views.branches,gitlens.views.remotes,gitlens.views.stashes,gitlens.views.tags,gitlens.views.contributors in workbench.view.scm
2024-05-31 23:31:02.208 [info] Added views:gitlens.views.graph,gitlens.views.graphDetails in workbench.view.extension.gitlensPanel
2024-05-31 23:31:02.209 [info] Added views:gitlens.views.timeline in workbench.view.extension.gitlensInspect
2024-05-31 23:31:02.209 [info] Added views:gitlens.views.worktrees in workbench.view.scm
2024-05-31 23:31:32.459 [info] Added views:workbench.panel.markers.view in workbench.panel.markers
2024-05-31 23:31:32.459 [info] Added views:workbench.panel.output in workbench.panel.output
2024-05-31 23:31:32.459 [info] Added views:terminal in terminal
2024-05-31 23:31:32.459 [info] Added views:outline in workbench.view.explorer
2024-05-31 23:31:32.459 [info] Added views:workbench.scm in workbench.view.scm
2024-05-31 23:31:32.459 [info] Added views:workbench.view.search in workbench.view.search
2024-05-31 23:31:32.459 [info] Added views:timeline in workbench.view.explorer
2024-05-31 23:31:32.459 [info] Added views:workbench.explorer.fileView in workbench.view.explorer
2024-05-31 23:31:32.544 [info] Added views:workbench.debug.welcome in workbench.view.debug
2024-05-31 23:31:32.659 [info] Added views:gitlens.views.home,gitlens.views.workspaces,gitlens.views.account in workbench.view.extension.gitlens
2024-05-31 23:31:32.660 [info] Added views:gitlens.views.commitDetails,gitlens.views.lineHistory,gitlens.views.fileHistory,gitlens.views.searchAndCompare in workbench.view.extension.gitlensInspect
2024-05-31 23:31:32.660 [info] Added views:gitlens.views.commits,gitlens.views.branches,gitlens.views.remotes,gitlens.views.stashes,gitlens.views.tags,gitlens.views.contributors in workbench.view.scm
2024-05-31 23:31:32.893 [info] Added views:workbench.panel.repl.view in workbench.panel.repl
2024-05-31 23:31:33.125 [info] Added views:~remote.forwardedPorts in ~remote.forwardedPortsContainer
2024-05-31 23:31:33.300 [info] Added views:workbench.view.testing in workbench.view.extension.test
2024-05-31 23:31:33.964 [info] Removed views:gitlens.views.searchAndCompare,gitlens.views.fileHistory,gitlens.views.lineHistory,gitlens.views.commitDetails from workbench.view.extension.gitlensInspect
2024-05-31 23:31:33.964 [info] Removed views:gitlens.views.contributors,gitlens.views.tags,gitlens.views.stashes,gitlens.views.remotes,gitlens.views.branches,gitlens.views.commits from workbench.view.scm
2024-05-31 23:31:34.008 [info] Added views:gitlens.views.drafts in workbench.view.extension.gitlens
2024-05-31 23:41:49.432 [info] Added views:jupyterViewVariables in workbench.view.extension.jupyter-variables
2024-05-31 23:41:49.446 [info] Added views:cell-tag in workbench.view.extension.jupyter-variables
2024-05-31 23:46:08.745 [info] Added views:gitlens.views.graph,gitlens.views.graphDetails in workbench.view.extension.gitlensPanel
2024-05-31 23:46:08.750 [info] Added views:gitlens.views.commitDetails,gitlens.views.lineHistory,gitlens.views.fileHistory,gitlens.views.timeline,gitlens.views.searchAndCompare in workbench.view.extension.gitlensInspect
2024-05-31 23:46:08.772 [info] Added views:gitlens.views.commits,gitlens.views.branches,gitlens.views.remotes,gitlens.views.stashes,gitlens.views.tags,gitlens.views.worktrees,gitlens.views.contributors in workbench.view.scm
