2024-05-31 17:47:36.470 [info] Reading sessions from keychain...
2024-05-31 17:47:36.470 [info] Getting sessions for all scopes...
2024-05-31 17:47:36.470 [info] Getting sessions for user:email...
2024-05-31 17:47:36.530 [info] Got stored sessions!
2024-05-31 17:47:36.530 [info] Got 2 verified sessions.
2024-05-31 17:47:36.530 [info] Got 2 sessions for ...
2024-05-31 17:47:36.530 [info] Got 1 sessions for user:email...
2024-05-31 17:47:36.559 [info] Getting sessions for all scopes...
2024-05-31 17:47:36.559 [info] Got 2 sessions for ...
2024-05-31 17:47:36.559 [info] Getting sessions for all scopes...
2024-05-31 17:47:36.559 [info] Got 2 sessions for ...
2024-05-31 17:47:37.528 [info] Getting sessions for all scopes...
2024-05-31 17:47:37.528 [info] Got 2 sessions for ...
2024-05-31 17:47:37.534 [info] Getting sessions for read:user,repo,user:email...
2024-05-31 17:47:37.534 [info] Got 1 sessions for read:user,repo,user:email...
2024-05-31 17:47:38.285 [info] Getting sessions for all scopes...
2024-05-31 17:47:38.285 [info] Got 2 sessions for ...
2024-05-31 17:47:53.561 [info] Reading sessions from keychain...
2024-05-31 17:47:53.561 [info] Getting sessions for all scopes...
2024-05-31 17:47:53.561 [info] Getting sessions for all scopes...
2024-05-31 17:47:53.562 [info] Getting sessions for user:email...
2024-05-31 17:47:53.562 [info] Got stored sessions!
2024-05-31 17:47:53.562 [info] Got 2 verified sessions.
2024-05-31 17:47:53.562 [info] Got 2 sessions for ...
2024-05-31 17:47:53.562 [info] Got 2 sessions for ...
2024-05-31 17:47:53.562 [info] Got 1 sessions for user:email...
2024-05-31 17:47:53.562 [info] Getting sessions for read:user,repo,user:email...
2024-05-31 17:47:53.562 [info] Got 1 sessions for read:user,repo,user:email...
2024-05-31 17:47:53.566 [info] Getting sessions for all scopes...
2024-05-31 17:47:53.566 [info] Got 2 sessions for ...
2024-05-31 17:47:53.566 [info] Getting sessions for all scopes...
2024-05-31 17:47:53.566 [info] Got 2 sessions for ...
2024-05-31 17:47:55.601 [info] Getting sessions for all scopes...
2024-05-31 17:47:55.601 [info] Got 2 sessions for ...
2024-05-31 17:49:30.253 [info] Getting sessions for all scopes...
2024-05-31 17:49:30.253 [info] Got 2 sessions for ...
2024-05-31 17:50:03.938 [info] Getting sessions for all scopes...
2024-05-31 17:50:03.938 [info] Got 2 sessions for ...
2024-05-31 17:50:06.703 [info] Getting sessions for all scopes...
2024-05-31 17:50:06.703 [info] Got 2 sessions for ...
2024-05-31 17:50:34.528 [info] Getting sessions for all scopes...
2024-05-31 17:50:34.528 [info] Got 2 sessions for ...
2024-05-31 17:50:42.673 [info] Getting sessions for all scopes...
2024-05-31 17:50:42.673 [info] Got 2 sessions for ...
