2024-05-31 17:55:02.296 [info] Using settings sync service https://vscode-sync.trafficmanager.net/
2024-05-31 17:55:02.296 [info] Auto Sync is enabled.
2024-05-31 17:55:02.296 [info] Auto Sync: Suspended until auth token is available.
2024-05-31 17:55:02.564 [info] Deleting non existing profile from backup /home/naturalcapsule/.config/Code/User/sync/settings
2024-05-31 17:55:03.042 [info] Auto Sync: Triggered by Interval
2024-05-31 17:55:03.042 [info] Sync started.
2024-05-31 17:55:03.676 [info] Settings: Last sync resource does not exist locally.
2024-05-31 17:55:03.789 [info] Settings: No changes found during synchronizing settings.
2024-05-31 17:55:03.790 [info] Sync done. Took 749ms
2024-05-31 17:55:39.502 [info] Auto Sync: Triggered by Activity
2024-05-31 17:55:39.502 [info] Sync started.
2024-05-31 17:55:39.622 [info] Settings: No changes found during synchronizing settings.
2024-05-31 17:55:39.622 [info] Sync done. Took 121ms
2024-05-31 17:59:49.061 [info] Auto Sync: Triggered by Activity
2024-05-31 17:59:49.061 [info] Sync started.
2024-05-31 17:59:49.537 [info] Settings: No changes found during synchronizing settings.
2024-05-31 17:59:49.538 [info] Sync done. Took 477ms
2024-05-31 18:00:18.857 [info] Auto Sync: Triggered by Activity
2024-05-31 18:00:18.858 [info] Sync started.
2024-05-31 18:00:18.955 [info] Settings: No changes found during synchronizing settings.
2024-05-31 18:00:18.956 [info] Sync done. Took 98ms
