2024-06-01 22:55:27.235 [info] Log level: Info
2024-06-01 22:55:27.235 [info] Validating found git in: "git"
2024-06-01 22:55:27.235 [info] Using git "2.45.1" from "git"
2024-06-01 22:55:27.235 [info] > git rev-parse --show-toplevel [2ms]
2024-06-01 22:55:27.235 [info] fatal: not a git repository (or any parent up to mount point /)
Stopping at filesystem boundary (GIT_DISCOVERY_ACROSS_FILESYSTEM not set).
2024-06-01 22:55:53.415 [info] Log level: Info
2024-06-01 22:55:53.415 [info] Validating found git in: "git"
2024-06-01 22:55:53.415 [info] Using git "2.45.1" from "git"
2024-06-01 22:55:53.415 [info] > git rev-parse --show-toplevel [3ms]
2024-06-01 22:55:53.415 [info] fatal: not a git repository (or any parent up to mount point /)
Stopping at filesystem boundary (GIT_DISCOVERY_ACROSS_FILESYSTEM not set).
2024-06-01 22:55:53.539 [info] > git rev-parse --show-toplevel [122ms]
2024-06-01 22:55:53.539 [info] fatal: this operation must be run in a work tree
2024-06-01 22:55:53.554 [info] > git rev-parse --show-toplevel [2ms]
2024-06-01 22:55:53.554 [info] fatal: not a git repository (or any parent up to mount point /)
Stopping at filesystem boundary (GIT_DISCOVERY_ACROSS_FILESYSTEM not set).
2024-06-01 22:55:53.561 [info] > git rev-parse --show-toplevel [4ms]
2024-06-01 22:55:53.573 [info] > git rev-parse --git-dir --git-common-dir [9ms]
2024-06-01 22:55:53.578 [info] Open repository: /home/naturalcapsule/python/classification
2024-06-01 22:55:53.603 [info] > git config --get commit.template [19ms]
2024-06-01 22:55:53.609 [info] > git for-each-ref --format=%(refname)%00%(upstream:short)%00%(objectname)%00%(upstream:track)%00%(upstream:remotename)%00%(upstream:remoteref) refs/heads/main refs/remotes/main [3ms]
2024-06-01 22:55:53.621 [info] > git status -z -uall [3ms]
2024-06-01 22:55:53.633 [info] > git merge-base refs/heads/main refs/remotes/origin/main [8ms]
2024-06-01 22:55:53.639 [info] > git config --get commit.template [6ms]
2024-06-01 22:55:53.639 [info] > git rev-list --count --left-right refs/heads/main...refs/remotes/origin/main [3ms]
2024-06-01 22:55:53.645 [info] > git diff --name-status -z --diff-filter=ADMR fd7481755db53d23cbd46465cbb3337875cba003...refs/remotes/origin/main [3ms]
2024-06-01 22:55:53.646 [info] > git for-each-ref --format=%(refname)%00%(upstream:short)%00%(objectname)%00%(upstream:track)%00%(upstream:remotename)%00%(upstream:remoteref) refs/heads/main refs/remotes/main [2ms]
2024-06-01 22:55:53.650 [info] > git status -z -uall [1ms]
2024-06-01 22:55:53.884 [info] > git show --textconv :.git/COMMIT_EDITMSG [3ms]
2024-06-01 22:55:53.884 [info] > git ls-files --stage -- /home/naturalcapsule/python/classification/.git/COMMIT_EDITMSG [1ms]
2024-06-01 22:55:54.102 [info] > git check-ignore -v -z --stdin [1ms]
2024-06-01 22:55:56.670 [info] > git rev-parse --show-toplevel [1ms]
2024-06-01 22:55:56.670 [info] fatal: not a git repository (or any parent up to mount point /)
Stopping at filesystem boundary (GIT_DISCOVERY_ACROSS_FILESYSTEM not set).
2024-06-01 22:55:57.816 [warning] ENOENT: no such file or directory, open '/home/naturalcapsule/python/classification/.git/HEAD'
2024-06-01 22:55:57.822 [warning] getRemotes() - ENOENT: no such file or directory, open '/home/naturalcapsule/python/classification/.git/config'
2024-06-01 22:55:57.830 [warning] ENOENT: no such file or directory, open '/home/naturalcapsule/python/classification/.git/HEAD'
2024-06-01 22:55:57.835 [warning] getRemotes() - ENOENT: no such file or directory, open '/home/naturalcapsule/python/classification/.git/config'
2024-06-01 22:56:00.753 [info] > git rev-parse --show-toplevel [6ms]
2024-06-01 22:56:00.753 [info] fatal: not a git repository (or any parent up to mount point /)
Stopping at filesystem boundary (GIT_DISCOVERY_ACROSS_FILESYSTEM not set).
