2024-05-31 23:52:18.084 [info] (Client) Pylance async client (2024.5.1) started with python extension (2024.6.0)
2024-05-31 23:52:18.397 [info] [Info  - 11:52:18 PM] (10146) Pylance language server 2024.5.1 (pyright version 1.1.360, commit 4bc8428d) starting
2024-05-31 23:52:18.397 [info] [Info  - 11:52:18 PM] (10146) Server root directory: file:///home/naturalcapsule/.vscode/extensions/ms-python.vscode-pylance-2024.5.1/dist
2024-05-31 23:52:18.401 [info] [Info  - 11:52:18 PM] (10146) Starting service instance "python"
2024-05-31 23:52:18.404 [info] [Info  - 11:52:18 PM] (10146) Auto-Indent enabled
2024-05-31 23:52:18.427 [info] [Info  - 11:52:18 PM] (10146) Setting pythonPath for service "python": "/bin/python"
2024-05-31 23:52:18.427 [info] [Info  - 11:52:18 PM] (10146) Setting environmentName for service "python": "3.12.3 (global)"
2024-05-31 23:52:18.445 [info] [Info  - 11:52:18 PM] (10146) Assuming Python version 3.12.3.final.0
2024-05-31 23:52:18.569 [info] [Info  - 11:52:18 PM] (10146) Found 32 source files
2024-05-31 23:52:18.752 [info] [Info  - 11:52:18 PM] (10146) Background analysis(1) root directory: file:///home/naturalcapsule/.vscode/extensions/ms-python.vscode-pylance-2024.5.1/dist
2024-05-31 23:52:18.752 [info] [Info  - 11:52:18 PM] (10146) Background analysis(1) started
2024-05-31 23:52:18.860 [info] [Info  - 11:52:18 PM] (10146) Indexer background runner(2) root directory: file:///home/naturalcapsule/.vscode/extensions/ms-python.vscode-pylance-2024.5.1/dist (index)
2024-05-31 23:52:18.861 [info] [Info  - 11:52:18 PM] (10146) Indexing(2) started
2024-05-31 23:52:19.154 [info] [Info  - 11:52:19 PM] (10146) scanned(2) 189 files over 1 exec env
2024-05-31 23:52:19.345 [info] [Info  - 11:52:19 PM] (10146) indexed(2) 139 files over 1 exec env
2024-05-31 23:52:19.398 [info] [Info  - 11:52:19 PM] (10146) Indexing finished(2).
2024-05-31 23:57:24.769 [info] [Info  - 11:57:24 PM] (10146) Setting pythonPath for service "python": "/bin/python"
2024-05-31 23:57:24.771 [info] [Info  - 11:57:24 PM] (10146) Setting environmentName for service "python": "3.12.3 (global)"
2024-05-31 23:57:24.790 [info] [Info  - 11:57:24 PM] (10146) Assuming Python version 3.12.3.final.0
2024-05-31 23:57:24.946 [info] [Info  - 11:57:24 PM] (10146) Found 41 source files
2024-05-31 23:57:25.273 [info] [Info  - 11:57:25 PM] (10146) Indexer background runner(3) root directory: file:///home/naturalcapsule/.vscode/extensions/ms-python.vscode-pylance-2024.5.1/dist (index)
2024-05-31 23:57:25.273 [info] [Info  - 11:57:25 PM] (10146) Indexing(3) started
2024-05-31 23:57:25.467 [info] [Info  - 11:57:25 PM] (10146) scanned(3) 189 files over 1 exec env
2024-05-31 23:57:25.608 [info] [Info  - 11:57:25 PM] (10146) indexed(3) 139 files over 1 exec env
2024-05-31 23:57:25.636 [info] [Info  - 11:57:25 PM] (10146) Indexing finished(3).
