2024-06-01 16:22:39.211 [info] Log level: Info
2024-06-01 16:22:39.211 [info] Validating found git in: "git"
2024-06-01 16:22:39.211 [info] Using git "2.45.1" from "git"
2024-06-01 16:22:39.211 [info] > git rev-parse --show-toplevel [3ms]
2024-06-01 16:22:39.211 [info] > git rev-parse --git-dir --git-common-dir [1ms]
2024-06-01 16:22:39.217 [info] Open repository: /home/naturalcapsule/.config
2024-06-01 16:22:39.400 [info] > git config --get commit.template [123ms]
2024-06-01 16:22:39.430 [info] > git for-each-ref --format=%(refname)%00%(upstream:short)%00%(objectname)%00%(upstream:track)%00%(upstream:remotename)%00%(upstream:remoteref) refs/heads/main refs/remotes/main [10ms]
2024-06-01 16:22:39.534 [info] > git status -z -uall [30ms]
2024-06-01 16:22:39.549 [info] > git merge-base refs/heads/main refs/remotes/origin/main [8ms]
2024-06-01 16:22:39.556 [info] > git rev-list --count --left-right refs/heads/main...refs/remotes/origin/main [4ms]
2024-06-01 16:22:39.559 [info] > git config --get commit.template [10ms]
2024-06-01 16:22:39.563 [info] > git diff --name-status -z --diff-filter=ADMR e8bf7f74ff96245308de9c1d2f2a1d29c16de19c...refs/remotes/origin/main [4ms]
2024-06-01 16:22:39.579 [info] > git for-each-ref --format=%(refname)%00%(upstream:short)%00%(objectname)%00%(upstream:track)%00%(upstream:remotename)%00%(upstream:remoteref) refs/heads/main refs/remotes/main [7ms]
2024-06-01 16:22:39.604 [info] > git status -z -uall [20ms]
2024-06-01 16:22:39.784 [info] > git check-ignore -v -z --stdin [1ms]
2024-06-01 16:22:39.925 [info] > git show --textconv :hypr/hyprland.conf [4ms]
2024-06-01 16:22:39.926 [info] > git ls-files --stage -- /home/naturalcapsule/.config/hypr/hyprland.conf [2ms]
2024-06-01 16:22:39.929 [info] > git cat-file -s acc6683d04aa076a5bbc433c26d4adfcb4162b12 [1ms]
2024-06-01 16:22:42.581 [info] > git config --get commit.template [4ms]
2024-06-01 16:22:42.581 [info] > git for-each-ref --format=%(refname)%00%(upstream:short)%00%(objectname)%00%(upstream:track)%00%(upstream:remotename)%00%(upstream:remoteref) refs/heads/main refs/remotes/main [1ms]
2024-06-01 16:22:42.595 [info] > git status -z -uall [11ms]
2024-06-01 16:22:49.224 [info] > git config --get commit.template [3ms]
2024-06-01 16:22:49.225 [info] > git for-each-ref --format=%(refname)%00%(upstream:short)%00%(objectname)%00%(upstream:track)%00%(upstream:remotename)%00%(upstream:remoteref) refs/heads/main refs/remotes/main [1ms]
2024-06-01 16:22:49.239 [info] > git status -z -uall [12ms]
2024-06-01 16:22:54.252 [info] > git config --get commit.template [3ms]
2024-06-01 16:22:54.254 [info] > git for-each-ref --format=%(refname)%00%(upstream:short)%00%(objectname)%00%(upstream:track)%00%(upstream:remotename)%00%(upstream:remoteref) refs/heads/main refs/remotes/main [1ms]
2024-06-01 16:22:54.268 [info] > git status -z -uall [11ms]
2024-06-01 16:22:59.280 [info] > git config --get commit.template [3ms]
2024-06-01 16:22:59.281 [info] > git for-each-ref --format=%(refname)%00%(upstream:short)%00%(objectname)%00%(upstream:track)%00%(upstream:remotename)%00%(upstream:remoteref) refs/heads/main refs/remotes/main [1ms]
2024-06-01 16:22:59.295 [info] > git status -z -uall [12ms]
2024-06-01 16:23:04.307 [info] > git config --get commit.template [4ms]
2024-06-01 16:23:04.308 [info] > git for-each-ref --format=%(refname)%00%(upstream:short)%00%(objectname)%00%(upstream:track)%00%(upstream:remotename)%00%(upstream:remoteref) refs/heads/main refs/remotes/main [2ms]
2024-06-01 16:23:04.322 [info] > git status -z -uall [11ms]
2024-06-01 16:23:09.338 [info] > git config --get commit.template [4ms]
2024-06-01 16:23:09.338 [info] > git for-each-ref --format=%(refname)%00%(upstream:short)%00%(objectname)%00%(upstream:track)%00%(upstream:remotename)%00%(upstream:remoteref) refs/heads/main refs/remotes/main [1ms]
2024-06-01 16:23:09.352 [info] > git status -z -uall [11ms]
