2024-06-01 23:01:41.322 [info] Added views:workbench.panel.markers.view in workbench.panel.markers
2024-06-01 23:01:41.322 [info] Added views:workbench.panel.output in workbench.panel.output
2024-06-01 23:01:41.322 [info] Added views:terminal in terminal
2024-06-01 23:01:41.322 [info] Added views:outline in workbench.view.explorer
2024-06-01 23:01:41.322 [info] Added views:workbench.scm in workbench.view.scm
2024-06-01 23:01:41.322 [info] Added views:workbench.view.search in workbench.view.search
2024-06-01 23:01:41.322 [info] Added views:timeline in workbench.view.explorer
2024-06-01 23:01:41.322 [info] Added views:workbench.explorer.fileView in workbench.view.explorer
2024-06-01 23:01:41.503 [info] Added views:workbench.debug.welcome in workbench.view.debug
2024-06-01 23:01:41.673 [info] Added views:gitlens.views.home,gitlens.views.workspaces,gitlens.views.account in workbench.view.extension.gitlens
2024-06-01 23:01:41.673 [info] Added views:gitlens.views.commitDetails,gitlens.views.lineHistory,gitlens.views.fileHistory,gitlens.views.searchAndCompare in workbench.view.extension.gitlensInspect
2024-06-01 23:01:41.673 [info] Added views:gitlens.views.commits,gitlens.views.branches,gitlens.views.remotes,gitlens.views.stashes,gitlens.views.tags,gitlens.views.contributors in workbench.view.scm
2024-06-01 23:01:41.880 [info] Added views:workbench.panel.repl.view in workbench.panel.repl
2024-06-01 23:01:42.054 [info] Added views:~remote.forwardedPorts in ~remote.forwardedPortsContainer
2024-06-01 23:01:42.292 [info] Added views:workbench.view.testing in workbench.view.extension.test
2024-06-01 23:01:42.950 [info] Removed views:gitlens.views.searchAndCompare,gitlens.views.fileHistory,gitlens.views.lineHistory,gitlens.views.commitDetails from workbench.view.extension.gitlensInspect
2024-06-01 23:01:42.952 [info] Removed views:gitlens.views.contributors,gitlens.views.tags,gitlens.views.stashes,gitlens.views.remotes,gitlens.views.branches,gitlens.views.commits from workbench.view.scm
2024-06-01 23:01:43.011 [info] Added views:gitlens.views.drafts in workbench.view.extension.gitlens
2024-06-01 23:05:12.173 [info] Added views:gitlens.views.graph,gitlens.views.graphDetails in workbench.view.extension.gitlensPanel
2024-06-01 23:05:12.177 [info] Added views:gitlens.views.commitDetails,gitlens.views.lineHistory,gitlens.views.fileHistory,gitlens.views.timeline,gitlens.views.searchAndCompare in workbench.view.extension.gitlensInspect
2024-06-01 23:05:12.178 [info] Added views:gitlens.views.commits,gitlens.views.branches,gitlens.views.remotes,gitlens.views.stashes,gitlens.views.tags,gitlens.views.worktrees,gitlens.views.contributors in workbench.view.scm
