2024-06-01 22:55:26.583 [info] Reading sessions from keychain...
2024-06-01 22:55:26.583 [info] Getting sessions for all scopes...
2024-06-01 22:55:26.583 [info] Getting sessions for all scopes...
2024-06-01 22:55:26.583 [info] Getting sessions for user:email...
2024-06-01 22:55:26.625 [info] Got stored sessions!
2024-06-01 22:55:26.625 [info] Got 2 verified sessions.
2024-06-01 22:55:26.625 [info] Got 2 sessions for ...
2024-06-01 22:55:26.626 [info] Got 2 sessions for ...
2024-06-01 22:55:26.626 [info] Got 1 sessions for user:email...
2024-06-01 22:55:26.675 [info] Getting sessions for all scopes...
2024-06-01 22:55:26.675 [info] Got 2 sessions for ...
2024-06-01 22:55:26.675 [info] Getting sessions for all scopes...
2024-06-01 22:55:26.675 [info] Got 2 sessions for ...
2024-06-01 22:55:27.645 [info] Getting sessions for all scopes...
2024-06-01 22:55:27.645 [info] Got 2 sessions for ...
2024-06-01 22:55:27.645 [info] Getting sessions for read:user,repo,user:email...
2024-06-01 22:55:27.645 [info] Got 1 sessions for read:user,repo,user:email...
2024-06-01 22:55:46.056 [info] Getting sessions for all scopes...
2024-06-01 22:55:46.056 [info] Got 2 sessions for ...
2024-06-01 22:55:52.697 [info] Reading sessions from keychain...
2024-06-01 22:55:52.697 [info] Getting sessions for all scopes...
2024-06-01 22:55:52.697 [info] Getting sessions for all scopes...
2024-06-01 22:55:52.697 [info] Getting sessions for user:email...
2024-06-01 22:55:52.700 [info] Got stored sessions!
2024-06-01 22:55:52.700 [info] Got 2 verified sessions.
2024-06-01 22:55:52.700 [info] Got 2 sessions for ...
2024-06-01 22:55:52.700 [info] Got 2 sessions for ...
2024-06-01 22:55:52.700 [info] Got 1 sessions for user:email...
2024-06-01 22:55:52.700 [info] Getting sessions for all scopes...
2024-06-01 22:55:52.700 [info] Got 2 sessions for ...
2024-06-01 22:55:52.706 [info] Getting sessions for all scopes...
2024-06-01 22:55:52.706 [info] Got 2 sessions for ...
2024-06-01 22:55:53.554 [info] Getting sessions for all scopes...
2024-06-01 22:55:53.554 [info] Got 2 sessions for ...
2024-06-01 22:55:53.554 [info] Getting sessions for read:user,repo,user:email...
2024-06-01 22:55:53.554 [info] Got 1 sessions for read:user,repo,user:email...
2024-06-01 22:55:53.652 [info] Getting sessions for read:user,repo,user:email,workflow...
2024-06-01 22:55:53.652 [info] Got 0 sessions for read:user,repo,user:email,workflow...
