2024-06-01 23:01:04.856 [info] Extension host with pid 3562 started
2024-06-01 23:01:04.856 [info] Skipping acquiring lock for /home/naturalcapsule/.config/Code/User/workspaceStorage/a4d407e8aba8856d61794118267c0c66.
2024-06-01 23:01:05.368 [info] ExtensionService#_doActivateExtension mechatroner.rainbow-csv, startup: false, activationEvent: 'onLanguage:plaintext'
2024-06-01 23:01:05.371 [info] ExtensionService#_doActivateExtension vscode.emmet, startup: false, activationEvent: 'onLanguage'
2024-06-01 23:01:05.945 [info] ExtensionService#_doActivateExtension vscode.github-authentication, startup: false, activationEvent: 'onAuthenticationRequest:github'
2024-06-01 23:01:06.251 [info] ExtensionService#_doActivateExtension vscode.git-base, startup: true, activationEvent: '*', root cause: vscode.git
2024-06-01 23:01:06.252 [info] ExtensionService#_doActivateExtension be5invis.vscode-custom-css, startup: true, activationEvent: '*'
2024-06-01 23:01:06.261 [info] ExtensionService#_doActivateExtension vscode.git, startup: true, activationEvent: '*'
2024-06-01 23:01:06.273 [info] ExtensionService#_doActivateExtension vscode.github, startup: true, activationEvent: '*'
2024-06-01 23:01:06.304 [info] Eager extensions activated
2024-06-01 23:01:06.326 [info] ExtensionService#_doActivateExtension vscode.debug-auto-launch, startup: false, activationEvent: 'onStartupFinished'
2024-06-01 23:01:06.327 [info] ExtensionService#_doActivateExtension vscode.merge-conflict, startup: false, activationEvent: 'onStartupFinished'
2024-06-01 23:01:06.331 [info] ExtensionService#_doActivateExtension Catppuccin.catppuccin-vsc, startup: false, activationEvent: 'onStartupFinished'
2024-06-01 23:01:06.332 [info] ExtensionService#_doActivateExtension eamodio.gitlens, startup: false, activationEvent: 'onStartupFinished'
2024-06-01 23:01:06.358 [info] ExtensionService#_doActivateExtension LeonardSSH.vscord, startup: false, activationEvent: 'onStartupFinished'
2024-06-01 23:01:06.366 [info] ExtensionService#_doActivateExtension PKief.material-icon-theme, startup: false, activationEvent: 'onStartupFinished'
2024-06-01 23:01:06.670 [info] ExtensionService#_doActivateExtension vscode.json-language-features, startup: false, activationEvent: 'onLanguage:jsonc'
2024-06-01 23:01:06.681 [info] ExtensionService#_doActivateExtension vscode.typescript-language-features, startup: false, activationEvent: 'onLanguage:jsonc'
2024-06-01 23:01:12.827 [info] ExtensionService#_doActivateExtension ms-python.python, startup: false, activationEvent: 'onLanguage:python', root cause: ms-python.debugpy
2024-06-01 23:01:12.931 [info] ExtensionService#_doActivateExtension ms-toolsai.jupyter, startup: false, activationEvent: 'onLanguage:python'
2024-06-01 23:01:13.131 [info] ExtensionService#_doActivateExtension ms-toolsai.jupyter-renderers, startup: false, activationEvent: 'api', root cause: ms-toolsai.jupyter
2024-06-01 23:01:13.172 [info] ExtensionService#_doActivateExtension ms-python.debugpy, startup: false, activationEvent: 'onLanguage:python'
2024-06-01 23:01:13.182 [info] ExtensionService#_doActivateExtension ms-python.vscode-pylance, startup: false, activationEvent: 'onLanguage:python'
2024-06-01 23:01:38.246 [info] Extension host terminating: renderer closed the MessagePort
2024-06-01 23:01:38.264 [error] An error occurred when deactivating the subscriptions for extension 'eamodio.gitlens':
2024-06-01 23:01:38.264 [error] TypeError: I.dispose is not a function
    at a (/opt/visual-studio-code/resources/app/out/vs/workbench/api/node/extensionHostProcess.js:30:744)
    at f.eb (/opt/visual-studio-code/resources/app/out/vs/workbench/api/node/extensionHostProcess.js:159:9975)
    at /opt/visual-studio-code/resources/app/out/vs/workbench/api/node/extensionHostProcess.js:159:7824
    at Array.map (<anonymous>)
    at f.$ (/opt/visual-studio-code/resources/app/out/vs/workbench/api/node/extensionHostProcess.js:159:7811)
    at f.terminate (/opt/visual-studio-code/resources/app/out/vs/workbench/api/node/extensionHostProcess.js:159:8085)
    at a.terminate (/opt/visual-studio-code/resources/app/out/vs/workbench/api/node/extensionHostProcess.js:163:1513)
    at t (/opt/visual-studio-code/resources/app/out/vs/workbench/api/node/extensionHostProcess.js:176:9922)
    at MessagePortMain.<anonymous> (/opt/visual-studio-code/resources/app/out/vs/workbench/api/node/extensionHostProcess.js:176:6347)
    at MessagePortMain.emit (node:events:517:28)
    at Object.MessagePortMain._internalPort.emit (node:electron/js2c/utility_init:2:2285)
2024-06-01 23:01:38.277 [error] Canceled: Canceled
    at new O (/opt/visual-studio-code/resources/app/out/vs/workbench/api/node/extensionHostProcess.js:143:47131)
    at c.U (/opt/visual-studio-code/resources/app/out/vs/workbench/api/node/extensionHostProcess.js:150:5542)
    at Proxy.F.<computed>.z.charCodeAt.F.<computed> (/opt/visual-studio-code/resources/app/out/vs/workbench/api/node/extensionHostProcess.js:150:2993)
    at r.g (/opt/visual-studio-code/resources/app/out/vs/workbench/api/node/extensionHostProcess.js:153:188926)
    at r.executeCommand (/opt/visual-studio-code/resources/app/out/vs/workbench/api/node/extensionHostProcess.js:153:188364)
    at k.registerCommand.description (/opt/visual-studio-code/resources/app/out/vs/workbench/api/node/extensionHostProcess.js:153:187688)
    at r.h (/opt/visual-studio-code/resources/app/out/vs/workbench/api/node/extensionHostProcess.js:153:189465)
    at r.g (/opt/visual-studio-code/resources/app/out/vs/workbench/api/node/extensionHostProcess.js:153:188457)
    at r.executeCommand (/opt/visual-studio-code/resources/app/out/vs/workbench/api/node/extensionHostProcess.js:153:188364)
    at Object.executeCommand (/opt/visual-studio-code/resources/app/out/vs/workbench/api/node/extensionHostProcess.js:163:22673)
    at w (/home/naturalcapsule/.vscode/extensions/eamodio.gitlens-15.0.4/dist/gitlens.js:1453:42298)
    at h (/home/naturalcapsule/.vscode/extensions/eamodio.gitlens-15.0.4/dist/gitlens.js:1453:47337)
    at ActionRunners._updateContextKeys (/home/naturalcapsule/.vscode/extensions/eamodio.gitlens-15.0.4/dist/gitlens.js:1099:18425)
    at s (/home/naturalcapsule/.vscode/extensions/eamodio.gitlens-15.0.4/dist/gitlens.js:1099:16869)
    at RegisteredActionRunner.unregister (/home/naturalcapsule/.vscode/extensions/eamodio.gitlens-15.0.4/dist/gitlens.js:1099:17012)
    at RegisteredActionRunner.dispose (/home/naturalcapsule/.vscode/extensions/eamodio.gitlens-15.0.4/dist/gitlens.js:1099:15665)
    at ActionRunners.dispose (/home/naturalcapsule/.vscode/extensions/eamodio.gitlens-15.0.4/dist/gitlens.js:1099:16452)
    at /home/naturalcapsule/.vscode/extensions/eamodio.gitlens-15.0.4/dist/gitlens.js:1412:20105
    at Array.forEach (<anonymous>)
    at Object.dispose (/home/naturalcapsule/.vscode/extensions/eamodio.gitlens-15.0.4/dist/gitlens.js:1412:20087)
    at a (/opt/visual-studio-code/resources/app/out/vs/workbench/api/node/extensionHostProcess.js:30:744)
    at f.eb (/opt/visual-studio-code/resources/app/out/vs/workbench/api/node/extensionHostProcess.js:159:9975)
    at /opt/visual-studio-code/resources/app/out/vs/workbench/api/node/extensionHostProcess.js:159:7824
    at Array.map (<anonymous>)
    at f.$ (/opt/visual-studio-code/resources/app/out/vs/workbench/api/node/extensionHostProcess.js:159:7811)
    at f.terminate (/opt/visual-studio-code/resources/app/out/vs/workbench/api/node/extensionHostProcess.js:159:8085)
    at a.terminate (/opt/visual-studio-code/resources/app/out/vs/workbench/api/node/extensionHostProcess.js:163:1513)
    at t (/opt/visual-studio-code/resources/app/out/vs/workbench/api/node/extensionHostProcess.js:176:9922)
    at MessagePortMain.<anonymous> (/opt/visual-studio-code/resources/app/out/vs/workbench/api/node/extensionHostProcess.js:176:6347)
    at MessagePortMain.emit (node:events:517:28)
    at Object.MessagePortMain._internalPort.emit (node:electron/js2c/utility_init:2:2285) setContext undefined
2024-06-01 23:01:38.277 [error] Canceled: Canceled
    at new O (/opt/visual-studio-code/resources/app/out/vs/workbench/api/node/extensionHostProcess.js:143:47131)
    at c.U (/opt/visual-studio-code/resources/app/out/vs/workbench/api/node/extensionHostProcess.js:150:5542)
    at Proxy.F.<computed>.z.charCodeAt.F.<computed> (/opt/visual-studio-code/resources/app/out/vs/workbench/api/node/extensionHostProcess.js:150:2993)
    at r.g (/opt/visual-studio-code/resources/app/out/vs/workbench/api/node/extensionHostProcess.js:153:188926)
    at r.executeCommand (/opt/visual-studio-code/resources/app/out/vs/workbench/api/node/extensionHostProcess.js:153:188364)
    at k.registerCommand.description (/opt/visual-studio-code/resources/app/out/vs/workbench/api/node/extensionHostProcess.js:153:187688)
    at r.h (/opt/visual-studio-code/resources/app/out/vs/workbench/api/node/extensionHostProcess.js:153:189465)
    at r.g (/opt/visual-studio-code/resources/app/out/vs/workbench/api/node/extensionHostProcess.js:153:188457)
    at r.executeCommand (/opt/visual-studio-code/resources/app/out/vs/workbench/api/node/extensionHostProcess.js:153:188364)
    at Object.executeCommand (/opt/visual-studio-code/resources/app/out/vs/workbench/api/node/extensionHostProcess.js:163:22673)
    at w (/home/naturalcapsule/.vscode/extensions/eamodio.gitlens-15.0.4/dist/gitlens.js:1453:42298)
    at h (/home/naturalcapsule/.vscode/extensions/eamodio.gitlens-15.0.4/dist/gitlens.js:1453:47337)
    at ActionRunners._updateContextKeys (/home/naturalcapsule/.vscode/extensions/eamodio.gitlens-15.0.4/dist/gitlens.js:1099:18425)
    at s (/home/naturalcapsule/.vscode/extensions/eamodio.gitlens-15.0.4/dist/gitlens.js:1099:16869)
    at RegisteredActionRunner.unregister (/home/naturalcapsule/.vscode/extensions/eamodio.gitlens-15.0.4/dist/gitlens.js:1099:17012)
    at RegisteredActionRunner.dispose (/home/naturalcapsule/.vscode/extensions/eamodio.gitlens-15.0.4/dist/gitlens.js:1099:15665)
    at ActionRunners.dispose (/home/naturalcapsule/.vscode/extensions/eamodio.gitlens-15.0.4/dist/gitlens.js:1099:16452)
    at /home/naturalcapsule/.vscode/extensions/eamodio.gitlens-15.0.4/dist/gitlens.js:1412:20105
    at Array.forEach (<anonymous>)
    at Object.dispose (/home/naturalcapsule/.vscode/extensions/eamodio.gitlens-15.0.4/dist/gitlens.js:1412:20087)
    at a (/opt/visual-studio-code/resources/app/out/vs/workbench/api/node/extensionHostProcess.js:30:744)
    at f.eb (/opt/visual-studio-code/resources/app/out/vs/workbench/api/node/extensionHostProcess.js:159:9975)
    at /opt/visual-studio-code/resources/app/out/vs/workbench/api/node/extensionHostProcess.js:159:7824
    at Array.map (<anonymous>)
    at f.$ (/opt/visual-studio-code/resources/app/out/vs/workbench/api/node/extensionHostProcess.js:159:7811)
    at f.terminate (/opt/visual-studio-code/resources/app/out/vs/workbench/api/node/extensionHostProcess.js:159:8085)
    at a.terminate (/opt/visual-studio-code/resources/app/out/vs/workbench/api/node/extensionHostProcess.js:163:1513)
    at t (/opt/visual-studio-code/resources/app/out/vs/workbench/api/node/extensionHostProcess.js:176:9922)
    at MessagePortMain.<anonymous> (/opt/visual-studio-code/resources/app/out/vs/workbench/api/node/extensionHostProcess.js:176:6347)
    at MessagePortMain.emit (node:events:517:28)
    at Object.MessagePortMain._internalPort.emit (node:electron/js2c/utility_init:2:2285) setContext undefined
2024-06-01 23:01:38.279 [error] Canceled: Canceled
    at new O (/opt/visual-studio-code/resources/app/out/vs/workbench/api/node/extensionHostProcess.js:143:47131)
    at c.U (/opt/visual-studio-code/resources/app/out/vs/workbench/api/node/extensionHostProcess.js:150:5542)
    at Proxy.F.<computed>.z.charCodeAt.F.<computed> (/opt/visual-studio-code/resources/app/out/vs/workbench/api/node/extensionHostProcess.js:150:2993)
    at r.g (/opt/visual-studio-code/resources/app/out/vs/workbench/api/node/extensionHostProcess.js:153:188926)
    at r.executeCommand (/opt/visual-studio-code/resources/app/out/vs/workbench/api/node/extensionHostProcess.js:153:188364)
    at k.registerCommand.description (/opt/visual-studio-code/resources/app/out/vs/workbench/api/node/extensionHostProcess.js:153:187688)
    at r.h (/opt/visual-studio-code/resources/app/out/vs/workbench/api/node/extensionHostProcess.js:153:189465)
    at r.g (/opt/visual-studio-code/resources/app/out/vs/workbench/api/node/extensionHostProcess.js:153:188457)
    at r.executeCommand (/opt/visual-studio-code/resources/app/out/vs/workbench/api/node/extensionHostProcess.js:153:188364)
    at Object.executeCommand (/opt/visual-studio-code/resources/app/out/vs/workbench/api/node/extensionHostProcess.js:163:22673)
    at w (/home/naturalcapsule/.vscode/extensions/eamodio.gitlens-15.0.4/dist/gitlens.js:1453:42298)
    at h (/home/naturalcapsule/.vscode/extensions/eamodio.gitlens-15.0.4/dist/gitlens.js:1453:47337)
    at ActionRunners._updateContextKeys (/home/naturalcapsule/.vscode/extensions/eamodio.gitlens-15.0.4/dist/gitlens.js:1099:18425)
    at s (/home/naturalcapsule/.vscode/extensions/eamodio.gitlens-15.0.4/dist/gitlens.js:1099:16869)
    at RegisteredActionRunner.unregister (/home/naturalcapsule/.vscode/extensions/eamodio.gitlens-15.0.4/dist/gitlens.js:1099:17012)
    at RegisteredActionRunner.dispose (/home/naturalcapsule/.vscode/extensions/eamodio.gitlens-15.0.4/dist/gitlens.js:1099:15665)
    at ActionRunners.dispose (/home/naturalcapsule/.vscode/extensions/eamodio.gitlens-15.0.4/dist/gitlens.js:1099:16452)
    at /home/naturalcapsule/.vscode/extensions/eamodio.gitlens-15.0.4/dist/gitlens.js:1412:20105
    at Array.forEach (<anonymous>)
    at Object.dispose (/home/naturalcapsule/.vscode/extensions/eamodio.gitlens-15.0.4/dist/gitlens.js:1412:20087)
    at a (/opt/visual-studio-code/resources/app/out/vs/workbench/api/node/extensionHostProcess.js:30:744)
    at f.eb (/opt/visual-studio-code/resources/app/out/vs/workbench/api/node/extensionHostProcess.js:159:9975)
    at /opt/visual-studio-code/resources/app/out/vs/workbench/api/node/extensionHostProcess.js:159:7824
    at Array.map (<anonymous>)
    at f.$ (/opt/visual-studio-code/resources/app/out/vs/workbench/api/node/extensionHostProcess.js:159:7811)
    at f.terminate (/opt/visual-studio-code/resources/app/out/vs/workbench/api/node/extensionHostProcess.js:159:8085)
    at a.terminate (/opt/visual-studio-code/resources/app/out/vs/workbench/api/node/extensionHostProcess.js:163:1513)
    at t (/opt/visual-studio-code/resources/app/out/vs/workbench/api/node/extensionHostProcess.js:176:9922)
    at MessagePortMain.<anonymous> (/opt/visual-studio-code/resources/app/out/vs/workbench/api/node/extensionHostProcess.js:176:6347)
    at MessagePortMain.emit (node:events:517:28)
    at Object.MessagePortMain._internalPort.emit (node:electron/js2c/utility_init:2:2285) setContext undefined
2024-06-01 23:01:38.310 [info] Extension host with pid 3562 exiting with code 0
