2024-05-31 23:52:16.254 [info] Added views:workbench.panel.markers.view in workbench.panel.markers
2024-05-31 23:52:16.254 [info] Added views:workbench.panel.output in workbench.panel.output
2024-05-31 23:52:16.254 [info] Added views:terminal in terminal
2024-05-31 23:52:16.254 [info] Added views:outline in workbench.view.explorer
2024-05-31 23:52:16.254 [info] Added views:workbench.scm in workbench.view.scm
2024-05-31 23:52:16.254 [info] Added views:workbench.view.search in workbench.view.search
2024-05-31 23:52:16.254 [info] Added views:timeline in workbench.view.explorer
2024-05-31 23:52:16.254 [info] Added views:workbench.debug.welcome in workbench.view.debug
2024-05-31 23:52:16.254 [info] Added views:workbench.explorer.fileView in workbench.view.explorer
2024-05-31 23:52:16.381 [info] Added views:gitlens.views.home,gitlens.views.workspaces,gitlens.views.account in workbench.view.extension.gitlens
2024-05-31 23:52:16.382 [info] Added views:gitlens.views.commitDetails,gitlens.views.lineHistory,gitlens.views.fileHistory,gitlens.views.searchAndCompare in workbench.view.extension.gitlensInspect
2024-05-31 23:52:16.382 [info] Added views:gitlens.views.commits,gitlens.views.branches,gitlens.views.remotes,gitlens.views.stashes,gitlens.views.tags,gitlens.views.contributors in workbench.view.scm
2024-05-31 23:52:16.521 [info] Added views:workbench.panel.repl.view in workbench.panel.repl
2024-05-31 23:52:16.889 [info] Added views:jupyterViewVariables in workbench.view.extension.jupyter-variables
2024-05-31 23:52:16.891 [info] Added views:cell-tag in workbench.view.extension.jupyter-variables
2024-05-31 23:52:17.051 [info] Added views:gitlens.views.drafts in workbench.view.extension.gitlens
2024-05-31 23:52:17.077 [info] Added views:~remote.forwardedPorts in ~remote.forwardedPortsContainer
2024-05-31 23:52:17.208 [info] Added views:workbench.view.testing in workbench.view.extension.test
2024-05-31 23:52:18.615 [info] Added views:gitlens.views.graph,gitlens.views.graphDetails in workbench.view.extension.gitlensPanel
2024-05-31 23:52:18.616 [info] Added views:gitlens.views.timeline in workbench.view.extension.gitlensInspect
2024-05-31 23:52:18.617 [info] Added views:gitlens.views.worktrees in workbench.view.scm
2024-06-01 00:05:11.708 [info] Removed views:workbench.view.testing from workbench.view.extension.test
