2024-05-31 23:31:34.086 [info] (Client) Pylance async client (2024.5.1) started with python extension (2024.6.0)
2024-05-31 23:31:34.401 [info] [Info  - 11:31:34 PM] (4354) Pylance language server 2024.5.1 (pyright version 1.1.360, commit 4bc8428d) starting
2024-05-31 23:31:34.402 [info] [Info  - 11:31:34 PM] (4354) Server root directory: file:///home/naturalcapsule/.vscode/extensions/ms-python.vscode-pylance-2024.5.1/dist
2024-05-31 23:31:34.405 [info] [Info  - 11:31:34 PM] (4354) Starting service instance "python"
2024-05-31 23:31:34.409 [info] [Info  - 11:31:34 PM] (4354) Auto-Indent enabled
2024-05-31 23:31:34.437 [info] [Info  - 11:31:34 PM] (4354) Setting pythonPath for service "python": "/bin/python"
2024-05-31 23:31:34.437 [info] [Info  - 11:31:34 PM] (4354) Setting environmentName for service "python": "3.12.3 (global)"
2024-05-31 23:31:34.466 [info] [Info  - 11:31:34 PM] (4354) Assuming Python version 3.12.3.final.0
2024-05-31 23:31:34.637 [info] [Info  - 11:31:34 PM] (4354) Found 31 source files
2024-05-31 23:31:34.779 [info] [Info  - 11:31:34 PM] (4354) Background analysis(1) root directory: file:///home/naturalcapsule/.vscode/extensions/ms-python.vscode-pylance-2024.5.1/dist
2024-05-31 23:31:34.779 [info] [Info  - 11:31:34 PM] (4354) Background analysis(1) started
2024-05-31 23:31:34.963 [info] [Info  - 11:31:34 PM] (4354) Indexer background runner(2) root directory: file:///home/naturalcapsule/.vscode/extensions/ms-python.vscode-pylance-2024.5.1/dist (index)
2024-05-31 23:31:34.963 [info] [Info  - 11:31:34 PM] (4354) Indexing(2) started
2024-05-31 23:31:35.422 [info] [Info  - 11:31:35 PM] (4354) scanned(2) 189 files over 1 exec env
2024-05-31 23:31:35.570 [info] [Info  - 11:31:35 PM] (4354) indexed(2) 139 files over 1 exec env
2024-05-31 23:31:35.614 [info] [Info  - 11:31:35 PM] (4354) Indexing finished(2).
2024-05-31 23:41:22.596 [info] [Info  - 11:41:22 PM] (4354) Found 32 source files
2024-05-31 23:41:26.455 [info] [Info  - 11:41:26 PM] (4354) Found 31 source files
2024-05-31 23:41:29.107 [info] [Info  - 11:41:29 PM] (4354) Found 32 source files
2024-05-31 23:41:30.315 [info] [Info  - 11:41:30 PM] (4354) Found 33 source files
2024-05-31 23:41:32.818 [info] [Info  - 11:41:32 PM] (4354) Found 32 source files
2024-05-31 23:41:49.487 [info] [Info  - 11:41:49 PM] (4354) Starting service instance "python"
2024-05-31 23:41:49.538 [info] [Info  - 11:41:49 PM] (4354) Setting pythonPath for service "python": "/home/naturalcapsule/python"
2024-05-31 23:41:49.538 [info] [Info  - 11:41:49 PM] (4354) Setting environmentName for service "python": "3.12.3 (global)"
2024-05-31 23:41:49.639 [info] [Info  - 11:41:49 PM] (4354) Found 32 source files
2024-05-31 23:41:49.843 [info] [Info  - 11:41:49 PM] (4354) Background analysis(3) root directory: file:///home/naturalcapsule/.vscode/extensions/ms-python.vscode-pylance-2024.5.1/dist
2024-05-31 23:41:49.845 [info] [Info  - 11:41:49 PM] (4354) Background analysis(3) started
2024-05-31 23:41:49.971 [info] [Info  - 11:41:49 PM] (4354) Indexer background runner(4) root directory: file:///home/naturalcapsule/.vscode/extensions/ms-python.vscode-pylance-2024.5.1/dist (index)
2024-05-31 23:41:49.971 [info] [Info  - 11:41:49 PM] (4354) Indexing(4) started
2024-05-31 23:41:50.102 [info] [Info  - 11:41:50 PM] (4354) scanned(4) 1 files over 1 exec env
2024-05-31 23:41:50.208 [info] [Info  - 11:41:50 PM] (4354) indexed(4) 1 files over 1 exec env
2024-05-31 23:41:50.217 [info] [Info  - 11:41:50 PM] (4354) Indexing finished(4).
2024-05-31 23:41:56.387 [info] [Info  - 11:41:56 PM] (4354) Found 32 source files
2024-05-31 23:41:56.401 [info] [Info  - 11:41:56 PM] (4354) Found 34 source files
2024-05-31 23:47:24.455 [info] [Info  - 11:47:24 PM] (4354) Setting pythonPath for service "python": "/bin/python"
2024-05-31 23:47:24.456 [info] [Info  - 11:47:24 PM] (4354) Setting environmentName for service "python": "3.12.3 (global)"
2024-05-31 23:47:24.471 [info] [Info  - 11:47:24 PM] (4354) Assuming Python version 3.12.3.final.0
2024-05-31 23:47:24.627 [info] [Info  - 11:47:24 PM] (4354) Found 41 source files
2024-05-31 23:47:24.919 [info] [Info  - 11:47:24 PM] (4354) Indexer background runner(5) root directory: file:///home/naturalcapsule/.vscode/extensions/ms-python.vscode-pylance-2024.5.1/dist (index)
2024-05-31 23:47:24.919 [info] [Info  - 11:47:24 PM] (4354) Indexing(5) started
2024-05-31 23:47:25.127 [info] [Info  - 11:47:25 PM] (4354) scanned(5) 189 files over 1 exec env
2024-05-31 23:47:25.279 [info] [Info  - 11:47:25 PM] (4354) indexed(5) 139 files over 1 exec env
2024-05-31 23:47:25.305 [info] [Info  - 11:47:25 PM] (4354) Indexing finished(5).
