2024-05-31 23:31:33.277 [info] Experiment 'pythonCreateEnvOnPipInstall' is active
2024-05-31 23:31:33.277 [info] Experiment 'pythonRecommendTensorboardExt' is active
2024-05-31 23:31:33.277 [info] Experiment 'pythonTerminalEnvVarActivation' is active
2024-05-31 23:31:33.277 [info] Experiment 'pythonTestAdapter' is active
2024-05-31 23:31:33.277 [info] Default formatter is set to null for workspace /home/naturalcapsule/python
2024-05-31 23:31:33.277 [info] Python interpreter path: /bin/python
2024-05-31 23:31:33.313 [info] > pyenv which python
2024-05-31 23:31:33.313 [info] cwd: .
2024-05-31 23:31:33.481 [info] > conda info --json
2024-05-31 23:31:34.415 [info] Starting Pylance language server.
2024-05-31 23:31:34.465 [warning] Shell integration may not be active, environment activated may be overridden by the shell.
2024-05-31 23:31:46.243 [info] CreateEnv Trigger - Skipping for /home/naturalcapsule/python/MyProject.py
2024-05-31 23:31:46.321 [info] Send text to terminal: /bin/python /home/naturalcapsule/python/MyProject.py
2024-05-31 23:32:19.166 [info] Discover tests for workspace name: python - uri: /home/naturalcapsule/python/MyProject.py
2024-05-31 23:32:21.641 [info] Discover tests for workspace name: python - uri: /home/naturalcapsule/python/MyProject.py
2024-05-31 23:32:21.802 [info] Send text to terminal: /bin/python /home/naturalcapsule/python/MyProject.py
2024-05-31 23:32:30.944 [info] Discover tests for workspace name: python - uri: /home/naturalcapsule/python/MyProject.py
2024-05-31 23:32:33.613 [info] Discover tests for workspace name: python - uri: /home/naturalcapsule/python/MyProject.py
2024-05-31 23:32:35.281 [info] Send text to terminal: /bin/python /home/naturalcapsule/python/MyProject.py
2024-05-31 23:32:42.291 [info] Discover tests for workspace name: python - uri: /home/naturalcapsule/python/MyProject.py
2024-05-31 23:33:04.012 [info] Discover tests for workspace name: python - uri: /home/naturalcapsule/python/MyProject.py
2024-05-31 23:33:04.342 [info] Send text to terminal: /bin/python /home/naturalcapsule/python/MyProject.py
2024-05-31 23:34:37.949 [info] Discover tests for workspace name: python - uri: /home/naturalcapsule/python/MyProject.py
2024-05-31 23:34:45.275 [info] Discover tests for workspace name: python - uri: /home/naturalcapsule/python/MyProject.py
2024-05-31 23:35:31.224 [info] Discover tests for workspace name: python - uri: /home/naturalcapsule/python/MyProject.py
2024-05-31 23:35:31.820 [info] Send text to terminal: /bin/python /home/naturalcapsule/python/MyProject.py
2024-05-31 23:36:21.825 [info] Discover tests for workspace name: python - uri: /home/naturalcapsule/python/MyProject.py
2024-05-31 23:36:21.963 [info] Send text to terminal: /bin/python /home/naturalcapsule/python/MyProject.py
2024-05-31 23:36:31.756 [info] Discover tests for workspace name: python - uri: /home/naturalcapsule/python/MyProject.py
2024-05-31 23:36:33.469 [info] Discover tests for workspace name: python - uri: /home/naturalcapsule/python/MyProject.py
2024-05-31 23:36:35.018 [info] Discover tests for workspace name: python - uri: /home/naturalcapsule/python/MyProject.py
2024-05-31 23:37:37.586 [info] Discover tests for workspace name: python - uri: /home/naturalcapsule/python/MyProject.py
2024-05-31 23:37:42.241 [info] Discover tests for workspace name: python - uri: /home/naturalcapsule/python/MyProject.py
2024-05-31 23:37:48.301 [info] Discover tests for workspace name: python - uri: /home/naturalcapsule/python/MyProject.py
2024-05-31 23:37:50.702 [info] Discover tests for workspace name: python - uri: /home/naturalcapsule/python/MyProject.py
2024-05-31 23:37:54.409 [info] Discover tests for workspace name: python - uri: /home/naturalcapsule/python/MyProject.py
2024-05-31 23:37:55.738 [info] Discover tests for workspace name: python - uri: /home/naturalcapsule/python/MyProject.py
2024-05-31 23:38:00.597 [info] Discover tests for workspace name: python - uri: /home/naturalcapsule/python/MyProject.py
2024-05-31 23:38:04.122 [info] Discover tests for workspace name: python - uri: /home/naturalcapsule/python/MyProject.py
2024-05-31 23:38:06.666 [info] Discover tests for workspace name: python - uri: /home/naturalcapsule/python/MyProject.py
2024-05-31 23:38:12.152 [info] Discover tests for workspace name: python - uri: /home/naturalcapsule/python/MyProject.py
2024-05-31 23:38:19.007 [info] Discover tests for workspace name: python - uri: /home/naturalcapsule/python/MyProject.py
2024-05-31 23:38:28.012 [info] Discover tests for workspace name: python - uri: /home/naturalcapsule/python/MyProject.py
2024-05-31 23:38:37.892 [info] Discover tests for workspace name: python - uri: /home/naturalcapsule/python/MyProject.py
2024-05-31 23:38:41.366 [info] Discover tests for workspace name: python - uri: /home/naturalcapsule/python/MyProject.py
2024-05-31 23:38:49.658 [info] Discover tests for workspace name: python - uri: /home/naturalcapsule/python/MyProject.py
2024-05-31 23:38:49.887 [info] Send text to terminal: /bin/python /home/naturalcapsule/python/MyProject.py
2024-05-31 23:39:27.334 [info] Discover tests for workspace name: python - uri: /home/naturalcapsule/python/MyProject.py
2024-05-31 23:39:29.029 [info] Discover tests for workspace name: python - uri: /home/naturalcapsule/python/MyProject.py
2024-05-31 23:39:30.877 [info] Discover tests for workspace name: python - uri: /home/naturalcapsule/python/MyProject.py
2024-05-31 23:39:32.568 [info] Discover tests for workspace name: python - uri: /home/naturalcapsule/python/MyProject.py
2024-05-31 23:39:43.632 [info] Discover tests for workspace name: python - uri: /home/naturalcapsule/python/MyProject.py
2024-05-31 23:39:45.595 [info] Discover tests for workspace name: python - uri: /home/naturalcapsule/python/MyProject.py
2024-05-31 23:39:47.018 [info] Send text to terminal: /bin/python /home/naturalcapsule/python/MyProject.py
2024-05-31 23:40:12.614 [info] Discover tests for workspace name: python - uri: /home/naturalcapsule/python/MyProject.py
2024-05-31 23:41:01.369 [info] Discover tests for workspace name: python - uri: /home/naturalcapsule/python/MyProject.py
2024-05-31 23:41:49.425 [info] > hatch env show --json
2024-05-31 23:41:49.425 [info] cwd: .
2024-05-31 23:41:49.445 [info] Found: /bin/python --> /bin/python3.12
2024-05-31 23:41:49.448 [info] Found: /bin/python3 --> /bin/python3.12
2024-05-31 23:41:49.448 [info] Found: /bin/python3.12 --> /bin/python3.12
2024-05-31 23:41:49.470 [info] > /bin/python -I ~/.vscode/extensions/ms-python.python-2024.6.0/python_files/get_output_via_markers.py ~/.vscode/extensions/ms-python.python-2024.6.0/python_files/interpreterInfo.py
2024-05-31 23:41:49.475 [info] Found: /sbin/python --> /sbin/python3.12
2024-05-31 23:41:49.476 [info] Found: /sbin/python3 --> /sbin/python3.12
2024-05-31 23:41:49.476 [info] Found: /sbin/python3.12 --> /sbin/python3.12
2024-05-31 23:41:49.483 [info] Found: /usr/bin/python --> /usr/bin/python3.12
2024-05-31 23:41:49.483 [info] Found: /usr/bin/python3 --> /usr/bin/python3.12
2024-05-31 23:41:49.483 [info] Found: /usr/bin/python3.12 --> /usr/bin/python3.12
2024-05-31 23:41:49.515 [info] Found: /usr/sbin/python --> /usr/sbin/python3.12
2024-05-31 23:41:49.515 [info] Found: /usr/sbin/python3 --> /usr/sbin/python3.12
2024-05-31 23:41:49.515 [info] Found: /usr/sbin/python3.12 --> /usr/sbin/python3.12
2024-05-31 23:41:49.522 [info] > /sbin/python -I ~/.vscode/extensions/ms-python.python-2024.6.0/python_files/get_output_via_markers.py ~/.vscode/extensions/ms-python.python-2024.6.0/python_files/interpreterInfo.py
2024-05-31 23:41:49.530 [info] > /usr/bin/python -I ~/.vscode/extensions/ms-python.python-2024.6.0/python_files/get_output_via_markers.py ~/.vscode/extensions/ms-python.python-2024.6.0/python_files/interpreterInfo.py
2024-05-31 23:41:49.553 [info] > /usr/sbin/python -I ~/.vscode/extensions/ms-python.python-2024.6.0/python_files/get_output_via_markers.py ~/.vscode/extensions/ms-python.python-2024.6.0/python_files/interpreterInfo.py
