2024-05-31 23:52:17.200 [info] Log level: Info
2024-05-31 23:52:17.200 [info] Validating found git in: "git"
2024-05-31 23:52:17.200 [info] Using git "2.45.1" from "git"
2024-05-31 23:52:17.200 [info] > git rev-parse --show-toplevel [172ms]
2024-05-31 23:52:17.200 [info] fatal: not a git repository (or any parent up to mount point /)
Stopping at filesystem boundary (GIT_DISCOVERY_ACROSS_FILESYSTEM not set).
2024-05-31 23:52:17.200 [info] > git rev-parse --show-toplevel [176ms]
2024-05-31 23:52:17.200 [info] fatal: not a git repository (or any parent up to mount point /)
Stopping at filesystem boundary (GIT_DISCOVERY_ACROSS_FILESYSTEM not set).
2024-05-31 23:52:17.200 [info] > git rev-parse --show-toplevel [15ms]
2024-05-31 23:52:17.200 [info] fatal: not a git repository (or any parent up to mount point /)
Stopping at filesystem boundary (GIT_DISCOVERY_ACROSS_FILESYSTEM not set).
2024-05-31 23:52:17.254 [info] > git rev-parse --show-toplevel [20ms]
2024-05-31 23:52:17.425 [info] > git rev-parse --git-dir --git-common-dir [8ms]
2024-05-31 23:52:17.431 [info] Open repository: /home/naturalcapsule/python/classification
2024-05-31 23:52:17.455 [info] > git rev-parse --show-toplevel [14ms]
2024-05-31 23:52:17.455 [info] fatal: not a git repository (or any parent up to mount point /)
Stopping at filesystem boundary (GIT_DISCOVERY_ACROSS_FILESYSTEM not set).
2024-05-31 23:52:17.455 [info] > git config --get commit.template [17ms]
2024-05-31 23:52:17.475 [info] > git rev-parse --show-toplevel [10ms]
2024-05-31 23:52:17.475 [info] fatal: not a git repository (or any parent up to mount point /)
Stopping at filesystem boundary (GIT_DISCOVERY_ACROSS_FILESYSTEM not set).
2024-05-31 23:52:17.480 [info] > git for-each-ref --format=%(refname)%00%(upstream:short)%00%(objectname)%00%(upstream:track)%00%(upstream:remotename)%00%(upstream:remoteref) refs/heads/main refs/remotes/main [9ms]
2024-05-31 23:52:17.484 [info] > git status -z -uall [1ms]
2024-05-31 23:52:17.485 [info] > git rev-parse --show-toplevel [6ms]
2024-05-31 23:52:17.485 [info] fatal: not a git repository (or any parent up to mount point /)
Stopping at filesystem boundary (GIT_DISCOVERY_ACROSS_FILESYSTEM not set).
2024-05-31 23:52:17.498 [info] > git rev-parse --show-toplevel [6ms]
2024-05-31 23:52:17.498 [info] fatal: not a git repository (or any parent up to mount point /)
Stopping at filesystem boundary (GIT_DISCOVERY_ACROSS_FILESYSTEM not set).
2024-05-31 23:52:17.507 [info] > git rev-parse --show-toplevel [3ms]
2024-05-31 23:52:17.507 [info] fatal: not a git repository (or any parent up to mount point /)
Stopping at filesystem boundary (GIT_DISCOVERY_ACROSS_FILESYSTEM not set).
2024-05-31 23:52:17.507 [info] > git config --get commit.template [10ms]
2024-05-31 23:52:17.513 [info] > git for-each-ref --format=%(refname)%00%(upstream:short)%00%(objectname)%00%(upstream:track)%00%(upstream:remotename)%00%(upstream:remoteref) refs/heads/main refs/remotes/main [3ms]
2024-05-31 23:52:17.519 [info] > git status -z -uall [4ms]
2024-05-31 23:52:18.075 [info] > git check-ignore -v -z --stdin [2ms]
2024-05-31 23:52:41.078 [info] > git config --get commit.template [5ms]
2024-05-31 23:52:41.078 [info] > git for-each-ref --format=%(refname)%00%(upstream:short)%00%(objectname)%00%(upstream:track)%00%(upstream:remotename)%00%(upstream:remoteref) refs/heads/main refs/remotes/main [1ms]
2024-05-31 23:52:41.083 [info] > git status -z -uall [1ms]
2024-05-31 23:55:59.391 [info] > git config --get commit.template [5ms]
2024-05-31 23:55:59.392 [info] > git for-each-ref --format=%(refname)%00%(upstream:short)%00%(objectname)%00%(upstream:track)%00%(upstream:remotename)%00%(upstream:remoteref) refs/heads/main refs/remotes/main [1ms]
2024-05-31 23:55:59.396 [info] > git status -z -uall [1ms]
2024-05-31 23:56:04.756 [info] > git config --get commit.template [4ms]
2024-05-31 23:56:04.756 [info] > git for-each-ref --format=%(refname)%00%(upstream:short)%00%(objectname)%00%(upstream:track)%00%(upstream:remotename)%00%(upstream:remoteref) refs/heads/main refs/remotes/main [1ms]
2024-05-31 23:56:04.761 [info] > git status -z -uall [2ms]
2024-05-31 23:57:16.775 [info] > git config --get commit.template [4ms]
2024-05-31 23:57:16.776 [info] > git for-each-ref --format=%(refname)%00%(upstream:short)%00%(objectname)%00%(upstream:track)%00%(upstream:remotename)%00%(upstream:remoteref) refs/heads/main refs/remotes/main [1ms]
2024-05-31 23:57:16.780 [info] > git status -z -uall [1ms]
2024-05-31 23:57:24.659 [info] > git for-each-ref --format=%(refname)%00%(upstream:short)%00%(objectname)%00%(upstream:track)%00%(upstream:remotename)%00%(upstream:remoteref) refs/heads/main [1ms]
2024-05-31 23:57:24.664 [info] > git for-each-ref --format=%(refname)%00%(upstream:short)%00%(objectname)%00%(upstream:track)%00%(upstream:remotename)%00%(upstream:remoteref) refs/heads/main [0ms]
2024-05-31 23:57:24.667 [info] > git config --local branch.main.vscode-merge-base [0ms]
2024-05-31 23:57:24.667 [warning] git config failed: Failed to execute git
2024-05-31 23:57:24.672 [info] > git reflog refs/heads/main --grep-reflog=branch: Created from *. [2ms]
2024-05-31 23:57:24.675 [info] > git symbolic-ref --short refs/remotes/origin/HEAD [0ms]
2024-05-31 23:57:24.675 [info] fatal: ref refs/remotes/origin/HEAD is not a symbolic ref
2024-05-31 23:57:24.675 [info] GitHistoryProvider:resolveHistoryItemGroupBase - Failed to resolve history item group base for 'refs/heads/main'
2024-05-31 23:57:24.675 [info] GitHistoryProvider:resolveHistoryItemGroupCommonAncestor - Failed to resolve history item group base for 'refs/heads/main'
2024-05-31 23:57:24.743 [info] > git rev-parse --show-toplevel [5ms]
2024-05-31 23:57:24.743 [info] fatal: not a git repository (or any parent up to mount point /)
Stopping at filesystem boundary (GIT_DISCOVERY_ACROSS_FILESYSTEM not set).
2024-05-31 23:57:24.744 [info] > git for-each-ref --format=%(refname)%00%(upstream:short)%00%(objectname)%00%(upstream:track)%00%(upstream:remotename)%00%(upstream:remoteref) refs/heads/main [2ms]
2024-05-31 23:57:24.753 [info] > git for-each-ref --format=%(refname)%00%(upstream:short)%00%(objectname)%00%(upstream:track)%00%(upstream:remotename)%00%(upstream:remoteref) refs/heads/main [4ms]
2024-05-31 23:57:24.758 [info] > git config --local branch.main.vscode-merge-base [1ms]
2024-05-31 23:57:24.758 [warning] git config failed: Failed to execute git
2024-05-31 23:57:24.764 [info] > git reflog refs/heads/main --grep-reflog=branch: Created from *. [2ms]
2024-05-31 23:57:24.768 [info] > git symbolic-ref --short refs/remotes/origin/HEAD [1ms]
2024-05-31 23:57:24.768 [info] fatal: ref refs/remotes/origin/HEAD is not a symbolic ref
2024-05-31 23:57:24.769 [info] GitHistoryProvider:resolveHistoryItemGroupBase - Failed to resolve history item group base for 'refs/heads/main'
2024-05-31 23:57:24.769 [info] GitHistoryProvider:resolveHistoryItemGroupCommonAncestor - Failed to resolve history item group base for 'refs/heads/main'
2024-05-31 23:57:26.136 [info] > git for-each-ref --format=%(refname)%00%(upstream:short)%00%(objectname)%00%(upstream:track)%00%(upstream:remotename)%00%(upstream:remoteref) refs/heads/main [1ms]
2024-05-31 23:57:26.141 [info] > git for-each-ref --format=%(refname)%00%(upstream:short)%00%(objectname)%00%(upstream:track)%00%(upstream:remotename)%00%(upstream:remoteref) refs/heads/main [1ms]
2024-05-31 23:57:26.145 [info] > git config --local branch.main.vscode-merge-base [1ms]
2024-05-31 23:57:26.145 [warning] git config failed: Failed to execute git
2024-05-31 23:57:26.149 [info] > git reflog refs/heads/main --grep-reflog=branch: Created from *. [1ms]
2024-05-31 23:57:26.153 [info] > git symbolic-ref --short refs/remotes/origin/HEAD [1ms]
2024-05-31 23:57:26.153 [info] fatal: ref refs/remotes/origin/HEAD is not a symbolic ref
2024-05-31 23:57:26.153 [info] GitHistoryProvider:resolveHistoryItemGroupBase - Failed to resolve history item group base for 'refs/heads/main'
2024-05-31 23:57:26.153 [info] GitHistoryProvider:resolveHistoryItemGroupCommonAncestor - Failed to resolve history item group base for 'refs/heads/main'
2024-05-31 23:57:27.238 [info] > git check-ignore -v -z --stdin [0ms]
2024-05-31 23:57:30.613 [info] > git ls-files --stage -- /home/naturalcapsule/python/classification/creditcard.csv [1ms]
2024-05-31 23:57:30.618 [info] > git cat-file -s b172b89b9cf34591b7ecb7a366e44c0e2ab53a17 [1ms]
2024-05-31 23:57:31.133 [info] > git show --textconv :creditcard.csv [526ms]
2024-05-31 23:58:40.640 [info] > git show --textconv :.gitattributes [3ms]
2024-05-31 23:58:40.641 [info] > git ls-files --stage -- /home/naturalcapsule/python/classification/.gitattributes [1ms]
2024-05-31 23:58:40.645 [info] > git cat-file -s b344b37d7edf11a2565879712491bfaac62c6493 [1ms]
2024-05-31 23:59:08.897 [info] > git ls-files --stage -- /home/naturalcapsule/python/classification/creditcard.csv [1ms]
2024-05-31 23:59:08.901 [info] > git cat-file -s b172b89b9cf34591b7ecb7a366e44c0e2ab53a17 [1ms]
2024-05-31 23:59:09.399 [info] > git show --textconv :creditcard.csv [506ms]
2024-06-01 00:00:09.492 [info] > git config --get commit.template [6ms]
2024-06-01 00:00:09.496 [info] > git ls-files --stage -- /home/naturalcapsule/python/classification/creditcard.csv [5ms]
2024-06-01 00:00:09.497 [info] > git for-each-ref --format=%(refname)%00%(upstream:short)%00%(objectname)%00%(upstream:track)%00%(upstream:remotename)%00%(upstream:remoteref) refs/heads/main refs/remotes/main [1ms]
2024-06-01 00:00:09.506 [info] > git status -z -uall [5ms]
2024-06-01 00:00:09.508 [info] > git show --textconv :creditcard.csv [2ms]
2024-06-01 00:00:25.929 [info] > git show --textconv :readme.md [5ms]
2024-06-01 00:00:25.930 [info] > git ls-files --stage -- /home/naturalcapsule/python/classification/readme.md [1ms]
2024-06-01 00:00:26.205 [info] > git check-ignore -v -z --stdin [0ms]
2024-06-01 00:00:26.787 [info] > git config --get commit.template [4ms]
2024-06-01 00:00:26.788 [info] > git for-each-ref --format=%(refname)%00%(upstream:short)%00%(objectname)%00%(upstream:track)%00%(upstream:remotename)%00%(upstream:remoteref) refs/heads/main refs/remotes/main [1ms]
2024-06-01 00:00:26.793 [info] > git status -z -uall [1ms]
2024-06-01 00:01:05.750 [info] > git config --get commit.template [3ms]
2024-06-01 00:01:05.751 [info] > git for-each-ref --format=%(refname)%00%(upstream:short)%00%(objectname)%00%(upstream:track)%00%(upstream:remotename)%00%(upstream:remoteref) refs/heads/main refs/remotes/main [1ms]
2024-06-01 00:01:05.755 [info] > git status -z -uall [1ms]
2024-06-01 00:01:10.765 [info] > git config --get commit.template [4ms]
2024-06-01 00:01:10.765 [info] > git for-each-ref --format=%(refname)%00%(upstream:short)%00%(objectname)%00%(upstream:track)%00%(upstream:remotename)%00%(upstream:remoteref) refs/heads/main refs/remotes/main [0ms]
2024-06-01 00:01:10.770 [info] > git status -z -uall [1ms]
2024-06-01 00:01:16.153 [info] > git config --get commit.template [1ms]
2024-06-01 00:01:16.157 [info] > git for-each-ref --format=%(refname)%00%(upstream:short)%00%(objectname)%00%(upstream:track)%00%(upstream:remotename)%00%(upstream:remoteref) refs/heads/main refs/remotes/main [1ms]
2024-06-01 00:01:16.162 [info] > git status -z -uall [1ms]
2024-06-01 00:01:21.175 [info] > git config --get commit.template [5ms]
2024-06-01 00:01:21.176 [info] > git for-each-ref --format=%(refname)%00%(upstream:short)%00%(objectname)%00%(upstream:track)%00%(upstream:remotename)%00%(upstream:remoteref) refs/heads/main refs/remotes/main [1ms]
2024-06-01 00:01:21.180 [info] > git status -z -uall [1ms]
2024-06-01 00:01:26.193 [info] > git config --get commit.template [4ms]
2024-06-01 00:01:26.193 [info] > git for-each-ref --format=%(refname)%00%(upstream:short)%00%(objectname)%00%(upstream:track)%00%(upstream:remotename)%00%(upstream:remoteref) refs/heads/main refs/remotes/main [0ms]
2024-06-01 00:01:26.198 [info] > git status -z -uall [1ms]
2024-06-01 00:01:55.419 [info] > git config --get commit.template [5ms]
2024-06-01 00:01:55.423 [info] > git ls-files --stage -- /home/naturalcapsule/python/classification/readme.md [4ms]
2024-06-01 00:01:55.426 [info] > git for-each-ref --format=%(refname)%00%(upstream:short)%00%(objectname)%00%(upstream:track)%00%(upstream:remotename)%00%(upstream:remoteref) refs/heads/main refs/remotes/main [3ms]
2024-06-01 00:01:55.430 [info] > git cat-file -s 47a9c97f0f3f02ba028114eac76ea03890b79a77 [4ms]
2024-06-01 00:01:55.431 [info] > git status -z -uall [1ms]
2024-06-01 00:01:55.437 [info] > git merge-base refs/heads/main refs/remotes/origin/main [2ms]
2024-06-01 00:01:55.448 [info] > git rev-list --count --left-right refs/heads/main...refs/remotes/origin/main [5ms]
2024-06-01 00:01:55.453 [info] > git show --textconv :readme.md [5ms]
2024-06-01 00:01:55.453 [info] > git diff --name-status -z --diff-filter=ADMR 45b18406504ecc50f036fca3ffb5370fe4ff3b6f...refs/remotes/origin/main [1ms]
2024-06-01 00:02:04.728 [info] > git config --get commit.template [4ms]
2024-06-01 00:02:04.729 [info] > git for-each-ref --format=%(refname)%00%(upstream:short)%00%(objectname)%00%(upstream:track)%00%(upstream:remotename)%00%(upstream:remoteref) refs/heads/main refs/remotes/main [1ms]
2024-06-01 00:02:04.733 [info] > git status -z -uall [1ms]
2024-06-01 00:02:11.960 [info] > git merge-base refs/heads/main refs/remotes/origin/main [1ms]
2024-06-01 00:02:11.966 [info] > git rev-list --count --left-right refs/heads/main...refs/remotes/origin/main [1ms]
2024-06-01 00:02:13.272 [info] > git show --textconv :.git/COMMIT_EDITMSG [4ms]
2024-06-01 00:02:13.276 [info] > git ls-files --stage -- /home/naturalcapsule/python/classification/.git/COMMIT_EDITMSG [5ms]
2024-06-01 00:02:13.587 [info] > git check-ignore -v -z --stdin [1ms]
2024-06-01 00:02:14.128 [info] > git ls-files --stage -- /home/naturalcapsule/python/classification/.git/COMMIT_EDITMSG [1ms]
2024-06-01 00:02:14.133 [info] > git show --textconv :.git/COMMIT_EDITMSG [1ms]
2024-06-01 00:02:30.003 [info] > git ls-files --stage -- /home/naturalcapsule/python/classification/.git/COMMIT_EDITMSG [0ms]
2024-06-01 00:02:30.008 [info] > git show --textconv :.git/COMMIT_EDITMSG [0ms]
2024-06-01 00:02:34.377 [info] > git ls-files --stage -- /home/naturalcapsule/python/classification/.git/COMMIT_EDITMSG [1ms]
2024-06-01 00:02:34.382 [info] > git show --textconv :.git/COMMIT_EDITMSG [1ms]
2024-06-01 00:02:36.416 [info] > git show --textconv :readme.md [5ms]
2024-06-01 00:02:36.417 [info] > git ls-files --stage -- /home/naturalcapsule/python/classification/readme.md [1ms]
2024-06-01 00:02:36.421 [info] > git cat-file -s 47a9c97f0f3f02ba028114eac76ea03890b79a77 [1ms]
2024-06-01 00:02:40.961 [info] > git show --textconv :.git/COMMIT_EDITMSG [5ms]
2024-06-01 00:02:40.962 [info] > git ls-files --stage -- /home/naturalcapsule/python/classification/.git/COMMIT_EDITMSG [2ms]
