2024-06-01 23:01:41.752 [info] Extension host with pid 4169 started
2024-06-01 23:01:41.752 [info] Skipping acquiring lock for /home/naturalcapsule/.config/Code/User/workspaceStorage/a4d407e8aba8856d61794118267c0c66.
2024-06-01 23:01:41.878 [info] ExtensionService#_doActivateExtension mechatroner.rainbow-csv, startup: false, activationEvent: 'onLanguage:plaintext'
2024-06-01 23:01:41.881 [info] ExtensionService#_doActivateExtension vscode.emmet, startup: false, activationEvent: 'onLanguage'
2024-06-01 23:01:41.884 [info] ExtensionService#_doActivateExtension ms-python.python, startup: false, activationEvent: 'onLanguage:python', root cause: ms-python.debugpy
2024-06-01 23:01:42.009 [info] ExtensionService#_doActivateExtension ms-toolsai.jupyter, startup: false, activationEvent: 'onLanguage:python'
2024-06-01 23:01:42.302 [info] ExtensionService#_doActivateExtension ms-toolsai.jupyter-renderers, startup: false, activationEvent: 'api', root cause: ms-toolsai.jupyter
2024-06-01 23:01:42.304 [info] ExtensionService#_doActivateExtension vscode.github-authentication, startup: false, activationEvent: 'onAuthenticationRequest:github'
2024-06-01 23:01:42.321 [info] ExtensionService#_doActivateExtension ms-python.debugpy, startup: false, activationEvent: 'onLanguage:python'
2024-06-01 23:01:42.334 [info] ExtensionService#_doActivateExtension ms-python.vscode-pylance, startup: false, activationEvent: 'onLanguage:python'
2024-06-01 23:01:42.824 [info] ExtensionService#_doActivateExtension vscode.git-base, startup: true, activationEvent: '*', root cause: vscode.git
2024-06-01 23:01:42.825 [info] ExtensionService#_doActivateExtension be5invis.vscode-custom-css, startup: true, activationEvent: '*'
2024-06-01 23:01:42.834 [info] ExtensionService#_doActivateExtension vscode.git, startup: true, activationEvent: '*'
2024-06-01 23:01:42.848 [info] ExtensionService#_doActivateExtension vscode.github, startup: true, activationEvent: '*'
2024-06-01 23:01:42.881 [info] Eager extensions activated
2024-06-01 23:01:42.893 [info] ExtensionService#_doActivateExtension vscode.debug-auto-launch, startup: false, activationEvent: 'onStartupFinished'
2024-06-01 23:01:42.894 [info] ExtensionService#_doActivateExtension vscode.merge-conflict, startup: false, activationEvent: 'onStartupFinished'
2024-06-01 23:01:42.897 [info] ExtensionService#_doActivateExtension Catppuccin.catppuccin-vsc, startup: false, activationEvent: 'onStartupFinished'
2024-06-01 23:01:42.898 [info] ExtensionService#_doActivateExtension eamodio.gitlens, startup: false, activationEvent: 'onStartupFinished'
2024-06-01 23:01:42.922 [info] ExtensionService#_doActivateExtension LeonardSSH.vscord, startup: false, activationEvent: 'onStartupFinished'
2024-06-01 23:01:42.931 [info] ExtensionService#_doActivateExtension PKief.material-icon-theme, startup: false, activationEvent: 'onStartupFinished'
2024-06-01 23:01:43.203 [info] ExtensionService#_doActivateExtension vscode.json-language-features, startup: false, activationEvent: 'onLanguage:jsonc'
2024-06-01 23:01:43.215 [info] ExtensionService#_doActivateExtension vscode.typescript-language-features, startup: false, activationEvent: 'onLanguage:jsonc'
2024-06-01 23:05:12.227 [warning] [Decorations] CAPPING events from decorations provider vscode.git 683
2024-06-01 23:05:12.311 [warning] [Decorations] CAPPING events from decorations provider vscode.git 683
2024-06-01 23:05:13.572 [warning] [Decorations] CAPPING events from decorations provider vscode.git 683
2024-06-01 23:05:22.895 [warning] [Decorations] CAPPING events from decorations provider vscode.git 683
2024-06-01 23:05:27.938 [warning] [Decorations] CAPPING events from decorations provider vscode.git 683
2024-06-01 23:05:32.980 [warning] [Decorations] CAPPING events from decorations provider vscode.git 683
2024-06-01 23:05:38.022 [warning] [Decorations] CAPPING events from decorations provider vscode.git 683
2024-06-01 23:06:08.093 [warning] [Decorations] CAPPING events from decorations provider vscode.git 683
2024-06-01 23:06:13.134 [warning] [Decorations] CAPPING events from decorations provider vscode.git 683
2024-06-01 23:07:14.119 [warning] TextEditor is closed/disposed
2024-06-01 23:07:14.821 [warning] [Decorations] CAPPING events from decorations provider vscode.git 690
2024-06-01 23:07:19.865 [warning] [Decorations] CAPPING events from decorations provider vscode.git 690
2024-06-01 23:07:26.132 [warning] TextEditor is closed/disposed
2024-06-01 23:07:28.040 [warning] [Decorations] CAPPING events from decorations provider vscode.git 692
2024-06-01 23:07:28.821 [warning] TextEditor is closed/disposed
2024-06-01 23:07:34.453 [warning] [Decorations] CAPPING events from decorations provider vscode.git 692
2024-06-01 23:07:39.494 [warning] [Decorations] CAPPING events from decorations provider vscode.git 692
2024-06-01 23:07:44.533 [warning] [Decorations] CAPPING events from decorations provider vscode.git 692
2024-06-01 23:07:49.575 [warning] [Decorations] CAPPING events from decorations provider vscode.git 692
2024-06-01 23:07:54.616 [warning] [Decorations] CAPPING events from decorations provider vscode.git 692
2024-06-01 23:07:59.656 [warning] [Decorations] CAPPING events from decorations provider vscode.git 692
2024-06-01 23:08:04.697 [warning] [Decorations] CAPPING events from decorations provider vscode.git 692
2024-06-01 23:08:09.741 [warning] [Decorations] CAPPING events from decorations provider vscode.git 692
2024-06-01 23:08:13.165 [warning] TextEditor is closed/disposed
2024-06-01 23:08:14.617 [warning] TextEditor is closed/disposed
2024-06-01 23:08:14.780 [warning] [Decorations] CAPPING events from decorations provider vscode.git 692
2024-06-01 23:08:19.821 [warning] [Decorations] CAPPING events from decorations provider vscode.git 692
2024-06-01 23:08:24.861 [warning] [Decorations] CAPPING events from decorations provider vscode.git 692
2024-06-01 23:08:41.400 [warning] [Decorations] CAPPING events from decorations provider vscode.git 692
2024-06-01 23:08:46.440 [warning] [Decorations] CAPPING events from decorations provider vscode.git 692
2024-06-01 23:08:51.480 [warning] [Decorations] CAPPING events from decorations provider vscode.git 692
2024-06-01 23:08:56.520 [warning] [Decorations] CAPPING events from decorations provider vscode.git 693
2024-06-01 23:09:01.565 [warning] [Decorations] CAPPING events from decorations provider vscode.git 693
2024-06-01 23:09:06.605 [warning] [Decorations] CAPPING events from decorations provider vscode.git 693
2024-06-01 23:17:08.435 [warning] [Decorations] CAPPING events from decorations provider vscode.git 733
2024-06-01 23:28:56.219 [info] ExtensionService#_doActivateExtension vscode.simple-browser, startup: false, activationEvent: 'onOpenExternalUri:https'
