2024-06-01 22:55:25.333 [info] Added views:workbench.panel.markers.view in workbench.panel.markers
2024-06-01 22:55:25.333 [info] Added views:workbench.panel.output in workbench.panel.output
2024-06-01 22:55:25.333 [info] Added views:terminal in terminal
2024-06-01 22:55:25.333 [info] Added views:outline in workbench.view.explorer
2024-06-01 22:55:25.333 [info] Added views:workbench.scm in workbench.view.scm
2024-06-01 22:55:25.333 [info] Added views:workbench.view.search in workbench.view.search
2024-06-01 22:55:25.333 [info] Added views:timeline in workbench.view.explorer
2024-06-01 22:55:25.333 [info] Added views:workbench.explorer.emptyView in workbench.view.explorer
2024-06-01 22:55:25.678 [info] Added views:workbench.debug.variablesView,workbench.debug.watchExpressionsView,workbench.debug.callStackView,workbench.debug.breakPointsView in workbench.view.debug
2024-06-01 22:55:25.748 [info] Added views:gitlens.views.home,gitlens.views.workspaces,gitlens.views.account in workbench.view.extension.gitlens
2024-06-01 22:55:25.749 [info] Added views:gitlens.views.commitDetails,gitlens.views.lineHistory,gitlens.views.fileHistory,gitlens.views.searchAndCompare in workbench.view.extension.gitlensInspect
2024-06-01 22:55:25.749 [info] Added views:gitlens.views.commits,gitlens.views.branches,gitlens.views.remotes,gitlens.views.stashes,gitlens.views.tags,gitlens.views.contributors in workbench.view.scm
2024-06-01 22:55:26.191 [info] Added views:workbench.panel.repl.view in workbench.panel.repl
2024-06-01 22:55:26.192 [info] Removed views:workbench.debug.breakPointsView,workbench.debug.callStackView,workbench.debug.watchExpressionsView,workbench.debug.variablesView from workbench.view.debug
2024-06-01 22:55:26.192 [info] Added views:workbench.debug.welcome in workbench.view.debug
2024-06-01 22:55:26.394 [info] Added views:~remote.forwardedPorts in ~remote.forwardedPortsContainer
2024-06-01 22:55:27.484 [info] Removed views:gitlens.views.searchAndCompare,gitlens.views.fileHistory,gitlens.views.lineHistory,gitlens.views.commitDetails from workbench.view.extension.gitlensInspect
2024-06-01 22:55:27.485 [info] Removed views:gitlens.views.contributors,gitlens.views.tags,gitlens.views.stashes,gitlens.views.remotes,gitlens.views.branches,gitlens.views.commits from workbench.view.scm
2024-06-01 22:55:27.533 [info] Added views:gitlens.views.drafts in workbench.view.extension.gitlens
2024-06-01 22:55:51.886 [info] Added views:workbench.panel.markers.view in workbench.panel.markers
2024-06-01 22:55:51.886 [info] Added views:workbench.panel.output in workbench.panel.output
2024-06-01 22:55:51.886 [info] Added views:terminal in terminal
2024-06-01 22:55:51.886 [info] Added views:outline in workbench.view.explorer
2024-06-01 22:55:51.886 [info] Added views:workbench.scm in workbench.view.scm
2024-06-01 22:55:51.886 [info] Added views:workbench.view.search in workbench.view.search
2024-06-01 22:55:51.886 [info] Added views:timeline in workbench.view.explorer
2024-06-01 22:55:51.886 [info] Added views:workbench.explorer.fileView in workbench.view.explorer
2024-06-01 22:55:52.022 [info] Added views:workbench.debug.welcome in workbench.view.debug
2024-06-01 22:55:52.133 [info] Added views:gitlens.views.home,gitlens.views.workspaces,gitlens.views.account in workbench.view.extension.gitlens
2024-06-01 22:55:52.133 [info] Added views:gitlens.views.commitDetails,gitlens.views.lineHistory,gitlens.views.fileHistory,gitlens.views.searchAndCompare in workbench.view.extension.gitlensInspect
2024-06-01 22:55:52.133 [info] Added views:gitlens.views.commits,gitlens.views.branches,gitlens.views.remotes,gitlens.views.stashes,gitlens.views.tags,gitlens.views.contributors in workbench.view.scm
2024-06-01 22:55:52.403 [info] Added views:workbench.panel.repl.view in workbench.panel.repl
2024-06-01 22:55:52.610 [info] Added views:~remote.forwardedPorts in ~remote.forwardedPortsContainer
2024-06-01 22:55:53.480 [info] Added views:gitlens.views.drafts in workbench.view.extension.gitlens
2024-06-01 22:55:54.090 [info] Added views:gitlens.views.graph,gitlens.views.graphDetails in workbench.view.extension.gitlensPanel
2024-06-01 22:55:54.091 [info] Added views:gitlens.views.timeline in workbench.view.extension.gitlensInspect
2024-06-01 22:55:54.092 [info] Added views:gitlens.views.worktrees in workbench.view.scm
2024-06-01 22:55:57.018 [info] Added views:workbench.view.testing in workbench.view.extension.test
2024-06-01 22:55:58.826 [info] Removed views:gitlens.views.graphDetails,gitlens.views.graph from workbench.view.extension.gitlensPanel
2024-06-01 22:55:58.826 [info] Removed views:gitlens.views.searchAndCompare,gitlens.views.timeline,gitlens.views.fileHistory,gitlens.views.lineHistory,gitlens.views.commitDetails from workbench.view.extension.gitlensInspect
2024-06-01 22:55:58.828 [info] Removed views:gitlens.views.contributors,gitlens.views.worktrees,gitlens.views.tags,gitlens.views.stashes,gitlens.views.remotes,gitlens.views.branches,gitlens.views.commits from workbench.view.scm
2024-06-01 23:01:02.456 [info] Removed views:workbench.view.testing from workbench.view.extension.test
