2024-05-31 23:14:02.997 [info] Extension host with pid 23578 started
2024-05-31 23:14:03.088 [info] ExtensionService#_doActivateExtension mechatroner.rainbow-csv, startup: false, activationEvent: 'onLanguage:plaintext'
2024-05-31 23:14:03.090 [info] ExtensionService#_doActivateExtension vscode.emmet, startup: false, activationEvent: 'onLanguage'
2024-05-31 23:14:03.209 [info] ExtensionService#_doActivateExtension vscode.github-authentication, startup: false, activationEvent: 'onAuthenticationRequest:github'
2024-05-31 23:14:03.772 [info] ExtensionService#_doActivateExtension vscode.extension-editing, startup: false, activationEvent: 'onLanguage:json'
2024-05-31 23:14:03.775 [info] ExtensionService#_doActivateExtension vscode.json-language-features, startup: false, activationEvent: 'onLanguage:json'
2024-05-31 23:14:03.793 [info] ExtensionService#_doActivateExtension vscode.npm, startup: false, activationEvent: 'onLanguage:json'
2024-05-31 23:14:03.961 [info] ExtensionService#_doActivateExtension vscode.typescript-language-features, startup: false, activationEvent: 'onLanguage:jsonc'
2024-05-31 23:14:04.061 [info] ExtensionService#_doActivateExtension vscode.git-base, startup: true, activationEvent: '*', root cause: vscode.git
2024-05-31 23:14:04.062 [info] ExtensionService#_doActivateExtension be5invis.vscode-custom-css, startup: true, activationEvent: '*'
2024-05-31 23:14:04.076 [info] ExtensionService#_doActivateExtension vscode.git, startup: true, activationEvent: '*'
2024-05-31 23:14:04.088 [info] ExtensionService#_doActivateExtension vscode.github, startup: true, activationEvent: '*'
2024-05-31 23:14:04.110 [info] Eager extensions activated
2024-05-31 23:14:04.121 [info] ExtensionService#_doActivateExtension vscode.debug-auto-launch, startup: false, activationEvent: 'onStartupFinished'
2024-05-31 23:14:04.122 [info] ExtensionService#_doActivateExtension vscode.merge-conflict, startup: false, activationEvent: 'onStartupFinished'
2024-05-31 23:14:04.125 [info] ExtensionService#_doActivateExtension Catppuccin.catppuccin-vsc, startup: false, activationEvent: 'onStartupFinished'
2024-05-31 23:14:04.127 [info] ExtensionService#_doActivateExtension eamodio.gitlens, startup: false, activationEvent: 'onStartupFinished'
2024-05-31 23:14:04.150 [info] ExtensionService#_doActivateExtension LeonardSSH.vscord, startup: false, activationEvent: 'onStartupFinished'
2024-05-31 23:14:04.170 [info] ExtensionService#_doActivateExtension PKief.material-icon-theme, startup: false, activationEvent: 'onStartupFinished'
2024-05-31 23:15:25.781 [info] Extension host terminating: renderer closed the MessagePort
2024-05-31 23:15:25.799 [error] An error occurred when deactivating the subscriptions for extension 'eamodio.gitlens':
2024-05-31 23:15:25.802 [error] TypeError: I.dispose is not a function
    at a (/opt/visual-studio-code/resources/app/out/vs/workbench/api/node/extensionHostProcess.js:30:744)
    at f.eb (/opt/visual-studio-code/resources/app/out/vs/workbench/api/node/extensionHostProcess.js:159:9975)
    at /opt/visual-studio-code/resources/app/out/vs/workbench/api/node/extensionHostProcess.js:159:7824
    at Array.map (<anonymous>)
    at f.$ (/opt/visual-studio-code/resources/app/out/vs/workbench/api/node/extensionHostProcess.js:159:7811)
    at f.terminate (/opt/visual-studio-code/resources/app/out/vs/workbench/api/node/extensionHostProcess.js:159:8085)
    at a.terminate (/opt/visual-studio-code/resources/app/out/vs/workbench/api/node/extensionHostProcess.js:163:1513)
    at t (/opt/visual-studio-code/resources/app/out/vs/workbench/api/node/extensionHostProcess.js:176:9922)
    at MessagePortMain.<anonymous> (/opt/visual-studio-code/resources/app/out/vs/workbench/api/node/extensionHostProcess.js:176:6347)
    at MessagePortMain.emit (node:events:517:28)
    at Object.MessagePortMain._internalPort.emit (node:electron/js2c/utility_init:2:2285)
2024-05-31 23:15:25.804 [error] Canceled: Canceled
    at new O (/opt/visual-studio-code/resources/app/out/vs/workbench/api/node/extensionHostProcess.js:143:47131)
    at c.U (/opt/visual-studio-code/resources/app/out/vs/workbench/api/node/extensionHostProcess.js:150:5542)
    at Proxy.F.<computed>.z.charCodeAt.F.<computed> (/opt/visual-studio-code/resources/app/out/vs/workbench/api/node/extensionHostProcess.js:150:2993)
    at r.g (/opt/visual-studio-code/resources/app/out/vs/workbench/api/node/extensionHostProcess.js:153:188926)
    at r.executeCommand (/opt/visual-studio-code/resources/app/out/vs/workbench/api/node/extensionHostProcess.js:153:188364)
    at k.registerCommand.description (/opt/visual-studio-code/resources/app/out/vs/workbench/api/node/extensionHostProcess.js:153:187688)
    at r.h (/opt/visual-studio-code/resources/app/out/vs/workbench/api/node/extensionHostProcess.js:153:189465)
    at r.g (/opt/visual-studio-code/resources/app/out/vs/workbench/api/node/extensionHostProcess.js:153:188457)
    at r.executeCommand (/opt/visual-studio-code/resources/app/out/vs/workbench/api/node/extensionHostProcess.js:153:188364)
    at Object.executeCommand (/opt/visual-studio-code/resources/app/out/vs/workbench/api/node/extensionHostProcess.js:163:22673)
    at w (/home/naturalcapsule/.vscode/extensions/eamodio.gitlens-15.0.4/dist/gitlens.js:1453:42298)
    at h (/home/naturalcapsule/.vscode/extensions/eamodio.gitlens-15.0.4/dist/gitlens.js:1453:47337)
    at ActionRunners._updateContextKeys (/home/naturalcapsule/.vscode/extensions/eamodio.gitlens-15.0.4/dist/gitlens.js:1099:18425)
    at s (/home/naturalcapsule/.vscode/extensions/eamodio.gitlens-15.0.4/dist/gitlens.js:1099:16869)
    at RegisteredActionRunner.unregister (/home/naturalcapsule/.vscode/extensions/eamodio.gitlens-15.0.4/dist/gitlens.js:1099:17012)
    at RegisteredActionRunner.dispose (/home/naturalcapsule/.vscode/extensions/eamodio.gitlens-15.0.4/dist/gitlens.js:1099:15665)
    at ActionRunners.dispose (/home/naturalcapsule/.vscode/extensions/eamodio.gitlens-15.0.4/dist/gitlens.js:1099:16452)
    at /home/naturalcapsule/.vscode/extensions/eamodio.gitlens-15.0.4/dist/gitlens.js:1412:20105
    at Array.forEach (<anonymous>)
    at Object.dispose (/home/naturalcapsule/.vscode/extensions/eamodio.gitlens-15.0.4/dist/gitlens.js:1412:20087)
    at a (/opt/visual-studio-code/resources/app/out/vs/workbench/api/node/extensionHostProcess.js:30:744)
    at f.eb (/opt/visual-studio-code/resources/app/out/vs/workbench/api/node/extensionHostProcess.js:159:9975)
    at /opt/visual-studio-code/resources/app/out/vs/workbench/api/node/extensionHostProcess.js:159:7824
    at Array.map (<anonymous>)
    at f.$ (/opt/visual-studio-code/resources/app/out/vs/workbench/api/node/extensionHostProcess.js:159:7811)
    at f.terminate (/opt/visual-studio-code/resources/app/out/vs/workbench/api/node/extensionHostProcess.js:159:8085)
    at a.terminate (/opt/visual-studio-code/resources/app/out/vs/workbench/api/node/extensionHostProcess.js:163:1513)
    at t (/opt/visual-studio-code/resources/app/out/vs/workbench/api/node/extensionHostProcess.js:176:9922)
    at MessagePortMain.<anonymous> (/opt/visual-studio-code/resources/app/out/vs/workbench/api/node/extensionHostProcess.js:176:6347)
    at MessagePortMain.emit (node:events:517:28)
    at Object.MessagePortMain._internalPort.emit (node:electron/js2c/utility_init:2:2285) setContext undefined
2024-05-31 23:15:25.804 [error] Canceled: Canceled
    at new O (/opt/visual-studio-code/resources/app/out/vs/workbench/api/node/extensionHostProcess.js:143:47131)
    at c.U (/opt/visual-studio-code/resources/app/out/vs/workbench/api/node/extensionHostProcess.js:150:5542)
    at Proxy.F.<computed>.z.charCodeAt.F.<computed> (/opt/visual-studio-code/resources/app/out/vs/workbench/api/node/extensionHostProcess.js:150:2993)
    at r.g (/opt/visual-studio-code/resources/app/out/vs/workbench/api/node/extensionHostProcess.js:153:188926)
    at r.executeCommand (/opt/visual-studio-code/resources/app/out/vs/workbench/api/node/extensionHostProcess.js:153:188364)
    at k.registerCommand.description (/opt/visual-studio-code/resources/app/out/vs/workbench/api/node/extensionHostProcess.js:153:187688)
    at r.h (/opt/visual-studio-code/resources/app/out/vs/workbench/api/node/extensionHostProcess.js:153:189465)
    at r.g (/opt/visual-studio-code/resources/app/out/vs/workbench/api/node/extensionHostProcess.js:153:188457)
    at r.executeCommand (/opt/visual-studio-code/resources/app/out/vs/workbench/api/node/extensionHostProcess.js:153:188364)
    at Object.executeCommand (/opt/visual-studio-code/resources/app/out/vs/workbench/api/node/extensionHostProcess.js:163:22673)
    at w (/home/naturalcapsule/.vscode/extensions/eamodio.gitlens-15.0.4/dist/gitlens.js:1453:42298)
    at h (/home/naturalcapsule/.vscode/extensions/eamodio.gitlens-15.0.4/dist/gitlens.js:1453:47337)
    at ActionRunners._updateContextKeys (/home/naturalcapsule/.vscode/extensions/eamodio.gitlens-15.0.4/dist/gitlens.js:1099:18425)
    at s (/home/naturalcapsule/.vscode/extensions/eamodio.gitlens-15.0.4/dist/gitlens.js:1099:16869)
    at RegisteredActionRunner.unregister (/home/naturalcapsule/.vscode/extensions/eamodio.gitlens-15.0.4/dist/gitlens.js:1099:17012)
    at RegisteredActionRunner.dispose (/home/naturalcapsule/.vscode/extensions/eamodio.gitlens-15.0.4/dist/gitlens.js:1099:15665)
    at ActionRunners.dispose (/home/naturalcapsule/.vscode/extensions/eamodio.gitlens-15.0.4/dist/gitlens.js:1099:16452)
    at /home/naturalcapsule/.vscode/extensions/eamodio.gitlens-15.0.4/dist/gitlens.js:1412:20105
    at Array.forEach (<anonymous>)
    at Object.dispose (/home/naturalcapsule/.vscode/extensions/eamodio.gitlens-15.0.4/dist/gitlens.js:1412:20087)
    at a (/opt/visual-studio-code/resources/app/out/vs/workbench/api/node/extensionHostProcess.js:30:744)
    at f.eb (/opt/visual-studio-code/resources/app/out/vs/workbench/api/node/extensionHostProcess.js:159:9975)
    at /opt/visual-studio-code/resources/app/out/vs/workbench/api/node/extensionHostProcess.js:159:7824
    at Array.map (<anonymous>)
    at f.$ (/opt/visual-studio-code/resources/app/out/vs/workbench/api/node/extensionHostProcess.js:159:7811)
    at f.terminate (/opt/visual-studio-code/resources/app/out/vs/workbench/api/node/extensionHostProcess.js:159:8085)
    at a.terminate (/opt/visual-studio-code/resources/app/out/vs/workbench/api/node/extensionHostProcess.js:163:1513)
    at t (/opt/visual-studio-code/resources/app/out/vs/workbench/api/node/extensionHostProcess.js:176:9922)
    at MessagePortMain.<anonymous> (/opt/visual-studio-code/resources/app/out/vs/workbench/api/node/extensionHostProcess.js:176:6347)
    at MessagePortMain.emit (node:events:517:28)
    at Object.MessagePortMain._internalPort.emit (node:electron/js2c/utility_init:2:2285) setContext undefined
2024-05-31 23:15:25.805 [error] Canceled: Canceled
    at new O (/opt/visual-studio-code/resources/app/out/vs/workbench/api/node/extensionHostProcess.js:143:47131)
    at c.U (/opt/visual-studio-code/resources/app/out/vs/workbench/api/node/extensionHostProcess.js:150:5542)
    at Proxy.F.<computed>.z.charCodeAt.F.<computed> (/opt/visual-studio-code/resources/app/out/vs/workbench/api/node/extensionHostProcess.js:150:2993)
    at r.g (/opt/visual-studio-code/resources/app/out/vs/workbench/api/node/extensionHostProcess.js:153:188926)
    at r.executeCommand (/opt/visual-studio-code/resources/app/out/vs/workbench/api/node/extensionHostProcess.js:153:188364)
    at k.registerCommand.description (/opt/visual-studio-code/resources/app/out/vs/workbench/api/node/extensionHostProcess.js:153:187688)
    at r.h (/opt/visual-studio-code/resources/app/out/vs/workbench/api/node/extensionHostProcess.js:153:189465)
    at r.g (/opt/visual-studio-code/resources/app/out/vs/workbench/api/node/extensionHostProcess.js:153:188457)
    at r.executeCommand (/opt/visual-studio-code/resources/app/out/vs/workbench/api/node/extensionHostProcess.js:153:188364)
    at Object.executeCommand (/opt/visual-studio-code/resources/app/out/vs/workbench/api/node/extensionHostProcess.js:163:22673)
    at w (/home/naturalcapsule/.vscode/extensions/eamodio.gitlens-15.0.4/dist/gitlens.js:1453:42298)
    at h (/home/naturalcapsule/.vscode/extensions/eamodio.gitlens-15.0.4/dist/gitlens.js:1453:47337)
    at ActionRunners._updateContextKeys (/home/naturalcapsule/.vscode/extensions/eamodio.gitlens-15.0.4/dist/gitlens.js:1099:18425)
    at s (/home/naturalcapsule/.vscode/extensions/eamodio.gitlens-15.0.4/dist/gitlens.js:1099:16869)
    at RegisteredActionRunner.unregister (/home/naturalcapsule/.vscode/extensions/eamodio.gitlens-15.0.4/dist/gitlens.js:1099:17012)
    at RegisteredActionRunner.dispose (/home/naturalcapsule/.vscode/extensions/eamodio.gitlens-15.0.4/dist/gitlens.js:1099:15665)
    at ActionRunners.dispose (/home/naturalcapsule/.vscode/extensions/eamodio.gitlens-15.0.4/dist/gitlens.js:1099:16452)
    at /home/naturalcapsule/.vscode/extensions/eamodio.gitlens-15.0.4/dist/gitlens.js:1412:20105
    at Array.forEach (<anonymous>)
    at Object.dispose (/home/naturalcapsule/.vscode/extensions/eamodio.gitlens-15.0.4/dist/gitlens.js:1412:20087)
    at a (/opt/visual-studio-code/resources/app/out/vs/workbench/api/node/extensionHostProcess.js:30:744)
    at f.eb (/opt/visual-studio-code/resources/app/out/vs/workbench/api/node/extensionHostProcess.js:159:9975)
    at /opt/visual-studio-code/resources/app/out/vs/workbench/api/node/extensionHostProcess.js:159:7824
    at Array.map (<anonymous>)
    at f.$ (/opt/visual-studio-code/resources/app/out/vs/workbench/api/node/extensionHostProcess.js:159:7811)
    at f.terminate (/opt/visual-studio-code/resources/app/out/vs/workbench/api/node/extensionHostProcess.js:159:8085)
    at a.terminate (/opt/visual-studio-code/resources/app/out/vs/workbench/api/node/extensionHostProcess.js:163:1513)
    at t (/opt/visual-studio-code/resources/app/out/vs/workbench/api/node/extensionHostProcess.js:176:9922)
    at MessagePortMain.<anonymous> (/opt/visual-studio-code/resources/app/out/vs/workbench/api/node/extensionHostProcess.js:176:6347)
    at MessagePortMain.emit (node:events:517:28)
    at Object.MessagePortMain._internalPort.emit (node:electron/js2c/utility_init:2:2285) setContext undefined
2024-05-31 23:15:25.805 [info] Extension host with pid 23578 exiting with code 0
