2024-05-31 17:47:57.952 [info] (Client) Pylance async client (2024.5.1) started with python extension (2024.6.0)
2024-05-31 17:47:58.272 [info] [Info  - 5:47:58 PM] (2325) Pylance language server 2024.5.1 (pyright version 1.1.360, commit 4bc8428d) starting
2024-05-31 17:47:58.272 [info] [Info  - 5:47:58 PM] (2325) Server root directory: file:///home/naturalcapsule/.vscode/extensions/ms-python.vscode-pylance-2024.5.1/dist
2024-05-31 17:47:58.276 [info] [Info  - 5:47:58 PM] (2325) Starting service instance "python"
2024-05-31 17:47:58.279 [info] [Info  - 5:47:58 PM] (2325) Auto-Indent enabled
2024-05-31 17:47:58.295 [info] [Info  - 5:47:58 PM] (2325) Setting pythonPath for service "python": "/bin/python"
2024-05-31 17:47:58.295 [info] [Info  - 5:47:58 PM] (2325) Setting environmentName for service "python": "3.12.3 (global)"
2024-05-31 17:47:58.322 [info] [Info  - 5:47:58 PM] (2325) Assuming Python version 3.12.3.final.0
2024-05-31 17:47:58.503 [info] [Info  - 5:47:58 PM] (2325) Found 31 source files
2024-05-31 17:47:58.660 [info] [Info  - 5:47:58 PM] (2325) Background analysis(1) root directory: file:///home/naturalcapsule/.vscode/extensions/ms-python.vscode-pylance-2024.5.1/dist
2024-05-31 17:47:58.660 [info] [Info  - 5:47:58 PM] (2325) Background analysis(1) started
2024-05-31 17:47:58.977 [info] [Info  - 5:47:58 PM] (2325) Indexer background runner(2) root directory: file:///home/naturalcapsule/.vscode/extensions/ms-python.vscode-pylance-2024.5.1/dist (index)
2024-05-31 17:47:58.977 [info] [Info  - 5:47:58 PM] (2325) Indexing(2) started
2024-05-31 17:47:59.246 [info] [Info  - 5:47:59 PM] (2325) scanned(2) 189 files over 1 exec env
2024-05-31 17:47:59.502 [info] [Info  - 5:47:59 PM] (2325) indexed(2) 139 files over 1 exec env
2024-05-31 17:47:59.542 [info] [Info  - 5:47:59 PM] (2325) Indexing finished(2).
2024-05-31 17:48:39.311 [info] [Info  - 5:48:39 PM] (2325) Setting pythonPath for service "python": "/bin/python"
2024-05-31 17:48:39.311 [info] [Info  - 5:48:39 PM] (2325) Setting environmentName for service "python": "3.12.3 (global)"
2024-05-31 17:48:39.338 [info] [Info  - 5:48:39 PM] (2325) Assuming Python version 3.12.3.final.0
2024-05-31 17:48:39.503 [info] [Info  - 5:48:39 PM] (2325) Found 31 source files
2024-05-31 17:48:39.778 [info] [Info  - 5:48:39 PM] (2325) Indexer background runner(3) root directory: file:///home/naturalcapsule/.vscode/extensions/ms-python.vscode-pylance-2024.5.1/dist (index)
2024-05-31 17:48:39.778 [info] [Info  - 5:48:39 PM] (2325) Indexing(3) started
2024-05-31 17:48:39.954 [info] [Info  - 5:48:39 PM] (2325) scanned(3) 189 files over 1 exec env
2024-05-31 17:48:40.097 [info] [Info  - 5:48:40 PM] (2325) indexed(3) 139 files over 1 exec env
2024-05-31 17:48:40.129 [info] [Info  - 5:48:40 PM] (2325) Indexing finished(3).
2024-05-31 17:49:44.466 [info] [Info  - 5:49:44 PM] (2325) Setting pythonPath for service "python": "/bin/python"
2024-05-31 17:49:44.467 [info] [Info  - 5:49:44 PM] (2325) Setting environmentName for service "python": "3.12.3 (global)"
2024-05-31 17:49:44.486 [info] [Info  - 5:49:44 PM] (2325) Assuming Python version 3.12.3.final.0
2024-05-31 17:49:44.657 [info] [Info  - 5:49:44 PM] (2325) Found 31 source files
2024-05-31 17:49:44.991 [info] [Info  - 5:49:44 PM] (2325) Indexer background runner(4) root directory: file:///home/naturalcapsule/.vscode/extensions/ms-python.vscode-pylance-2024.5.1/dist (index)
2024-05-31 17:49:44.991 [info] [Info  - 5:49:44 PM] (2325) Indexing(4) started
2024-05-31 17:49:45.250 [info] [Info  - 5:49:45 PM] (2325) scanned(4) 189 files over 1 exec env
2024-05-31 17:49:45.322 [info] [Info  - 5:49:45 PM] (2325) indexed(4) 139 files over 1 exec env
2024-05-31 17:49:45.349 [info] [Info  - 5:49:45 PM] (2325) Indexing finished(4).
2024-05-31 17:51:06.369 [info] [Info  - 5:51:06 PM] (2325) Setting pythonPath for service "python": "/bin/python"
2024-05-31 17:51:06.369 [info] [Info  - 5:51:06 PM] (2325) Setting environmentName for service "python": "3.12.3 (global)"
2024-05-31 17:51:06.388 [info] [Info  - 5:51:06 PM] (2325) Assuming Python version 3.12.3.final.0
2024-05-31 17:51:06.549 [info] [Info  - 5:51:06 PM] (2325) Found 31 source files
2024-05-31 17:51:06.847 [info] [Info  - 5:51:06 PM] (2325) Indexer background runner(5) root directory: file:///home/naturalcapsule/.vscode/extensions/ms-python.vscode-pylance-2024.5.1/dist (index)
2024-05-31 17:51:06.848 [info] [Info  - 5:51:06 PM] (2325) Indexing(5) started
2024-05-31 17:51:07.042 [info] [Info  - 5:51:07 PM] (2325) scanned(5) 189 files over 1 exec env
2024-05-31 17:51:07.164 [info] [Info  - 5:51:07 PM] (2325) indexed(5) 139 files over 1 exec env
2024-05-31 17:51:07.198 [info] [Info  - 5:51:07 PM] (2325) Indexing finished(5).
2024-05-31 17:51:10.286 [info] [Info  - 5:51:10 PM] (2325) Setting pythonPath for service "python": "/bin/python"
2024-05-31 17:51:10.286 [info] [Info  - 5:51:10 PM] (2325) Setting environmentName for service "python": "3.12.3 (global)"
2024-05-31 17:51:10.304 [info] [Info  - 5:51:10 PM] (2325) Assuming Python version 3.12.3.final.0
2024-05-31 17:51:10.501 [info] [Info  - 5:51:10 PM] (2325) Found 31 source files
2024-05-31 17:51:10.784 [info] [Info  - 5:51:10 PM] (2325) Indexer background runner(6) root directory: file:///home/naturalcapsule/.vscode/extensions/ms-python.vscode-pylance-2024.5.1/dist (index)
2024-05-31 17:51:10.784 [info] [Info  - 5:51:10 PM] (2325) Indexing(6) started
2024-05-31 17:51:10.965 [info] [Info  - 5:51:10 PM] (2325) scanned(6) 189 files over 1 exec env
2024-05-31 17:51:11.091 [info] [Info  - 5:51:11 PM] (2325) indexed(6) 139 files over 1 exec env
2024-05-31 17:51:11.119 [info] [Info  - 5:51:11 PM] (2325) Indexing finished(6).
