2024-05-19T21:01:42.246Z 0: 

----------------------------------------------
2024-05-19T21:01:42.254Z 1: Discord starting: {"releaseChannel":"stable","version":"0.0.54"}, modulepath: /home/naturalcapsule/.config/discord/0.0.54/modules
2024-05-19T21:01:42.257Z 2: ✅ webContents.created web1 ""
2024-05-19T21:01:42.260Z 3: ✅ window.created win1 "discord"
2024-05-19T21:01:42.671Z 4: ✅ webContents.did-finish-load web1
2024-05-19T21:01:49.137Z 5: ✅ webContents.created web2 ""
2024-05-19T21:01:49.142Z 6: ✅ window.created win2 "Discord"
2024-05-19T21:01:49.994Z 7: ✅ webContents.did-finish-load web2
2024-05-19T21:01:50.094Z 8: window.close win1
2024-05-19T21:01:50.153Z 9: webContents.destroyed web1
2024-05-19T21:01:50.156Z 10: window.closed win1
2024-05-19T21:03:04.686Z 0: 

----------------------------------------------
2024-05-19T21:03:10.161Z 11: window.close win2
2024-05-19T21:03:18.207Z 0: 

----------------------------------------------
2024-05-19T21:03:18.216Z 1: Discord starting: {"releaseChannel":"stable","version":"0.0.54"}, modulepath: /home/naturalcapsule/.config/discord/0.0.54/modules
2024-05-19T21:03:26.006Z 12: window.close win2
2024-05-19T21:03:37.159Z 13: before-quit
2024-05-19T21:04:22.114Z 0: 

----------------------------------------------
2024-05-19T21:04:22.126Z 1: Discord starting: {"releaseChannel":"stable","version":"0.0.54"}, modulepath: /home/naturalcapsule/.config/discord/0.0.54/modules
2024-05-19T21:04:22.129Z 2: ✅ webContents.created web1 ""
2024-05-19T21:04:22.131Z 3: ✅ window.created win1 "discord"
2024-05-19T21:04:22.559Z 4: ✅ webContents.did-finish-load web1
2024-05-19T21:04:32.851Z 5: ✅ webContents.created web2 ""
2024-05-19T21:04:32.854Z 6: ✅ window.created win2 "Discord"
2024-05-19T21:04:34.732Z 7: ✅ webContents.did-finish-load web2
2024-05-19T21:04:34.832Z 8: window.close win1
2024-05-19T21:04:34.890Z 9: webContents.destroyed web1
2024-05-19T21:04:34.894Z 10: window.closed win1
2024-05-19T21:06:00.084Z 11: ✅ webContents.did-finish-load web2
2024-05-19T21:06:54.982Z 12: window.close win2
2024-05-19T21:09:33.243Z 13: before-quit
2024-05-20T10:19:50.828Z 0: 

----------------------------------------------
2024-05-20T10:19:50.839Z 1: Discord starting: {"releaseChannel":"stable","version":"0.0.54"}, modulepath: /home/naturalcapsule/.config/discord/0.0.54/modules
2024-05-20T10:19:50.842Z 2: ✅ webContents.created web1 ""
2024-05-20T10:19:50.844Z 3: ✅ window.created win1 "discord"
2024-05-20T10:19:51.196Z 4: ✅ webContents.did-finish-load web1
2024-05-20T10:19:51.683Z 5: ✅ webContents.created web2 ""
2024-05-20T10:19:51.687Z 6: ✅ window.created win2 "Discord"
2024-05-20T10:19:53.595Z 7: ✅ webContents.did-finish-load web2
2024-05-20T10:19:53.695Z 8: window.close win1
2024-05-20T10:19:53.715Z 9: webContents.destroyed web1
2024-05-20T10:19:53.716Z 10: window.closed win1
2024-05-20T10:19:54.743Z 11: ✅ webContents.did-finish-load web2
2024-05-20T10:48:39.196Z 12: before-quit
2024-05-21T10:24:35.980Z 0: 

----------------------------------------------
2024-05-21T10:24:35.992Z 1: Discord starting: {"releaseChannel":"stable","version":"0.0.54"}, modulepath: /home/naturalcapsule/.config/discord/0.0.54/modules
2024-05-21T10:24:35.994Z 2: ✅ webContents.created web1 ""
2024-05-21T10:24:35.996Z 3: ✅ window.created win1 "discord"
2024-05-21T10:24:36.372Z 4: ✅ webContents.did-finish-load web1
2024-05-21T10:24:39.727Z 5: ✅ webContents.created web2 ""
2024-05-21T10:24:39.732Z 6: ✅ window.created win2 "Discord"
2024-05-21T10:24:41.611Z 7: ✅ webContents.did-finish-load web2
2024-05-21T10:24:41.710Z 8: window.close win1
2024-05-21T10:24:41.766Z 9: webContents.destroyed web1
2024-05-21T10:24:41.768Z 10: window.closed win1
2024-05-21T10:25:56.462Z 11: before-quit
2024-05-27T19:52:30.276Z 0: 

----------------------------------------------
2024-05-27T19:52:30.293Z 1: Discord starting: {"releaseChannel":"stable","version":"0.0.54"}, modulepath: /home/naturalcapsule/.config/discord/0.0.54/modules
2024-05-27T19:52:30.297Z 2: ✅ webContents.created web1 ""
2024-05-27T19:52:30.301Z 3: ✅ window.created win1 "discord"
2024-05-27T19:52:30.810Z 4: ✅ webContents.did-finish-load web1
2024-05-27T19:52:31.320Z 5: ✅ webContents.created web2 ""
2024-05-27T19:52:31.324Z 6: ✅ window.created win2 "Discord"
2024-05-27T19:52:34.075Z 7: ✅ webContents.did-finish-load web2
2024-05-27T19:52:34.181Z 8: window.close win1
2024-05-27T19:52:34.219Z 9: webContents.destroyed web1
2024-05-27T19:52:34.225Z 10: window.closed win1
2024-05-27T19:52:43.473Z 11: window.close win2
2024-05-27T19:52:52.469Z 12: window.close win2
2024-05-27T20:27:15.320Z 13: before-quit
2024-05-27T20:27:15.331Z 14: window.close win2
2024-05-29T07:49:53.025Z 0: 

----------------------------------------------
2024-05-29T07:49:53.038Z 1: Discord starting: {"releaseChannel":"stable","version":"0.0.54"}, modulepath: /home/naturalcapsule/.config/discord/0.0.54/modules
2024-05-29T07:49:53.041Z 2: ✅ webContents.created web1 ""
2024-05-29T07:49:53.043Z 3: ✅ window.created win1 "discord"
2024-05-29T07:49:53.403Z 4: ✅ webContents.did-finish-load web1
2024-05-29T07:49:55.453Z 5: ✅ webContents.created web2 ""
2024-05-29T07:49:55.456Z 6: ✅ window.created win2 "Discord"
2024-05-29T07:49:57.493Z 7: ✅ webContents.did-finish-load web2
2024-05-29T07:49:57.593Z 8: window.close win1
2024-05-29T07:49:57.658Z 9: webContents.destroyed web1
2024-05-29T07:49:57.660Z 10: window.closed win1
2024-05-29T07:50:54.712Z 0: 

----------------------------------------------
2024-05-29T07:50:54.722Z 1: Discord starting: {"releaseChannel":"stable","version":"0.0.54"}, modulepath: /home/naturalcapsule/.config/discord/0.0.54/modules
2024-05-29T07:50:54.730Z 2: ✅ webContents.created web1 ""
2024-05-29T07:50:54.732Z 3: ✅ window.created win1 "discord"
2024-05-29T07:50:55.090Z 4: ✅ webContents.did-finish-load web1
2024-05-29T07:50:55.586Z 5: ✅ webContents.created web2 ""
2024-05-29T07:50:55.589Z 6: ✅ window.created win2 "Discord"
2024-05-29T07:50:57.402Z 7: ✅ webContents.did-finish-load web2
2024-05-29T07:50:57.500Z 8: window.close win1
2024-05-29T07:50:57.557Z 9: webContents.destroyed web1
2024-05-29T07:50:57.559Z 10: window.closed win1
2024-05-29T07:51:10.270Z 11: ✅ webContents.did-finish-load web2
2024-05-29T08:51:16.769Z 12: before-quit
2024-05-29T14:41:14.613Z 0: 

----------------------------------------------
2024-05-29T14:41:14.625Z 1: Discord starting: {"releaseChannel":"stable","version":"0.0.54"}, modulepath: /home/naturalcapsule/.config/discord/0.0.54/modules
2024-05-29T14:41:14.628Z 2: ✅ webContents.created web1 ""
2024-05-29T14:41:14.629Z 3: ✅ window.created win1 "discord"
2024-05-29T14:41:14.973Z 4: ✅ webContents.did-finish-load web1
2024-05-29T14:41:15.493Z 5: ✅ webContents.created web2 ""
2024-05-29T14:41:15.495Z 6: ✅ window.created win2 "Discord"
2024-05-29T14:41:17.407Z 7: ✅ webContents.did-finish-load web2
2024-05-29T14:41:17.506Z 8: window.close win1
2024-05-29T14:41:17.523Z 9: webContents.destroyed web1
2024-05-29T14:41:17.525Z 10: window.closed win1
2024-05-29T15:19:34.731Z 11: window.close win2
2024-05-29T15:33:45.004Z 12: before-quit
