2024-05-31 23:31:00.294 [info] Reading sessions from keychain...
2024-05-31 23:31:00.294 [info] Getting sessions for all scopes...
2024-05-31 23:31:00.294 [info] Getting sessions for all scopes...
2024-05-31 23:31:00.294 [info] Got stored sessions!
2024-05-31 23:31:00.294 [info] Got 2 verified sessions.
2024-05-31 23:31:00.294 [info] Got 2 sessions for ...
2024-05-31 23:31:00.294 [info] Got 2 sessions for ...
2024-05-31 23:31:00.294 [info] Getting sessions for user:email...
2024-05-31 23:31:00.294 [info] Got 1 sessions for user:email...
2024-05-31 23:31:00.294 [info] Getting sessions for all scopes...
2024-05-31 23:31:00.294 [info] Got 2 sessions for ...
2024-05-31 23:31:00.312 [info] Getting sessions for all scopes...
2024-05-31 23:31:00.312 [info] Got 2 sessions for ...
2024-05-31 23:31:00.312 [info] Getting sessions for all scopes...
2024-05-31 23:31:00.312 [info] Got 2 sessions for ...
2024-05-31 23:31:00.963 [info] Getting sessions for all scopes...
2024-05-31 23:31:00.963 [info] Got 2 sessions for ...
2024-05-31 23:31:00.963 [info] Getting sessions for read:user,repo,user:email...
2024-05-31 23:31:00.963 [info] Got 1 sessions for read:user,repo,user:email...
2024-05-31 23:31:09.037 [info] Getting sessions for read:user,repo,user:email,workflow...
2024-05-31 23:31:09.037 [info] Got 0 sessions for read:user,repo,user:email,workflow...
2024-05-31 23:31:14.426 [info] Getting sessions for all scopes...
2024-05-31 23:31:14.426 [info] Got 2 sessions for ...
2024-05-31 23:31:33.467 [info] Reading sessions from keychain...
2024-05-31 23:31:33.467 [info] Getting sessions for all scopes...
2024-05-31 23:31:33.467 [info] Getting sessions for all scopes...
2024-05-31 23:31:33.467 [info] Got stored sessions!
2024-05-31 23:31:33.467 [info] Got 2 verified sessions.
2024-05-31 23:31:33.467 [info] Got 2 sessions for ...
2024-05-31 23:31:33.467 [info] Got 2 sessions for ...
2024-05-31 23:31:33.467 [info] Getting sessions for user:email...
2024-05-31 23:31:33.467 [info] Got 1 sessions for user:email...
2024-05-31 23:31:33.467 [info] Getting sessions for all scopes...
2024-05-31 23:31:33.467 [info] Got 2 sessions for ...
2024-05-31 23:31:34.086 [info] Getting sessions for all scopes...
2024-05-31 23:31:34.086 [info] Got 2 sessions for ...
2024-05-31 23:31:34.090 [info] Getting sessions for read:user,repo,user:email...
2024-05-31 23:31:34.091 [info] Got 1 sessions for read:user,repo,user:email...
2024-05-31 23:31:34.777 [info] Getting sessions for all scopes...
2024-05-31 23:31:34.777 [info] Got 2 sessions for ...
2024-05-31 23:31:41.063 [info] Getting sessions for all scopes...
2024-05-31 23:31:41.064 [info] Got 2 sessions for ...
2024-05-31 23:31:46.497 [info] Getting sessions for all scopes...
2024-05-31 23:31:46.497 [info] Got 2 sessions for ...
2024-05-31 23:31:56.083 [info] Getting sessions for all scopes...
2024-05-31 23:31:56.083 [info] Got 2 sessions for ...
2024-05-31 23:31:56.656 [info] Getting sessions for all scopes...
2024-05-31 23:31:56.656 [info] Got 2 sessions for ...
2024-05-31 23:31:56.810 [info] Getting sessions for all scopes...
2024-05-31 23:31:56.810 [info] Got 2 sessions for ...
2024-05-31 23:36:07.979 [info] Getting sessions for all scopes...
2024-05-31 23:36:07.979 [info] Got 2 sessions for ...
2024-05-31 23:36:22.037 [info] Getting sessions for all scopes...
2024-05-31 23:36:22.037 [info] Got 2 sessions for ...
2024-05-31 23:36:35.058 [info] Getting sessions for all scopes...
2024-05-31 23:36:35.058 [info] Got 2 sessions for ...
2024-05-31 23:36:48.747 [info] Getting sessions for all scopes...
2024-05-31 23:36:48.747 [info] Got 2 sessions for ...
2024-05-31 23:36:49.930 [info] Getting sessions for all scopes...
2024-05-31 23:36:49.930 [info] Got 2 sessions for ...
2024-05-31 23:38:49.950 [info] Getting sessions for all scopes...
2024-05-31 23:38:49.950 [info] Got 2 sessions for ...
2024-05-31 23:39:45.873 [info] Getting sessions for all scopes...
2024-05-31 23:39:45.873 [info] Got 2 sessions for ...
2024-05-31 23:39:47.081 [info] Getting sessions for all scopes...
2024-05-31 23:39:47.081 [info] Got 2 sessions for ...
2024-05-31 23:40:47.878 [info] Getting sessions for all scopes...
2024-05-31 23:40:47.878 [info] Got 2 sessions for ...
