2024-06-01 23:01:43.044 [info] Log level: Info
2024-06-01 23:01:43.044 [info] Validating found git in: "git"
2024-06-01 23:01:43.044 [info] Using git "2.45.1" from "git"
2024-06-01 23:01:43.044 [info] > git rev-parse --show-toplevel [3ms]
2024-06-01 23:01:43.044 [info] fatal: not a git repository (or any parent up to mount point /)
Stopping at filesystem boundary (GIT_DISCOVERY_ACROSS_FILESYSTEM not set).
2024-06-01 23:01:43.044 [info] > git rev-parse --show-toplevel [75ms]
2024-06-01 23:01:43.044 [info] fatal: not a git repository (or any parent up to mount point /)
Stopping at filesystem boundary (GIT_DISCOVERY_ACROSS_FILESYSTEM not set).
2024-06-01 23:01:43.045 [info] > git rev-parse --show-toplevel [9ms]
2024-06-01 23:01:43.045 [info] fatal: not a git repository (or any parent up to mount point /)
Stopping at filesystem boundary (GIT_DISCOVERY_ACROSS_FILESYSTEM not set).
2024-06-01 23:02:37.448 [info] > git rev-parse --show-toplevel [2ms]
2024-06-01 23:02:37.448 [info] fatal: not a git repository (or any parent up to mount point /)
Stopping at filesystem boundary (GIT_DISCOVERY_ACROSS_FILESYSTEM not set).
2024-06-01 23:02:39.257 [info] > git rev-parse --show-toplevel [1ms]
2024-06-01 23:02:39.257 [info] fatal: not a git repository (or any parent up to mount point /)
Stopping at filesystem boundary (GIT_DISCOVERY_ACROSS_FILESYSTEM not set).
2024-06-01 23:02:40.014 [info] > git rev-parse --show-toplevel [1ms]
2024-06-01 23:02:40.014 [info] fatal: not a git repository (or any parent up to mount point /)
Stopping at filesystem boundary (GIT_DISCOVERY_ACROSS_FILESYSTEM not set).
2024-06-01 23:02:41.902 [info] > git rev-parse --show-toplevel [1ms]
2024-06-01 23:02:41.902 [info] fatal: not a git repository (or any parent up to mount point /)
Stopping at filesystem boundary (GIT_DISCOVERY_ACROSS_FILESYSTEM not set).
2024-06-01 23:02:44.464 [info] > git rev-parse --show-toplevel [2ms]
2024-06-01 23:02:44.464 [info] fatal: not a git repository (or any parent up to mount point /)
Stopping at filesystem boundary (GIT_DISCOVERY_ACROSS_FILESYSTEM not set).
2024-06-01 23:05:12.122 [info] > git rev-parse --show-toplevel [2ms]
2024-06-01 23:05:12.126 [info] > git rev-parse --git-dir --git-common-dir [0ms]
2024-06-01 23:05:12.133 [info] Open repository: /home/naturalcapsule/.config
2024-06-01 23:05:12.141 [info] > git config --get commit.template [4ms]
2024-06-01 23:05:12.146 [info] > git for-each-ref --format=%(refname)%00%(upstream:short)%00%(objectname)%00%(upstream:track)%00%(upstream:remotename)%00%(upstream:remoteref) refs/heads/main refs/remotes/main [5ms]
2024-06-01 23:05:12.214 [info] > git status -z -uall [63ms]
2024-06-01 23:05:12.265 [info] > git merge-base refs/heads/main refs/remotes/origin/main [45ms]
2024-06-01 23:05:12.269 [info] > git config --get commit.template [5ms]
2024-06-01 23:05:12.271 [info] > git rev-list --count --left-right refs/heads/main...refs/remotes/origin/main [2ms]
2024-06-01 23:05:12.278 [info] > git diff --name-status -z --diff-filter=ADMR e8bf7f74ff96245308de9c1d2f2a1d29c16de19c...refs/remotes/origin/main [3ms]
2024-06-01 23:05:12.279 [info] > git for-each-ref --format=%(refname)%00%(upstream:short)%00%(objectname)%00%(upstream:track)%00%(upstream:remotename)%00%(upstream:remoteref) refs/heads/main refs/remotes/main [1ms]
2024-06-01 23:05:12.307 [info] > git status -z -uall [24ms]
2024-06-01 23:05:12.646 [info] > git show --textconv :rofi/launchers/type-7/launcher.sh [4ms]
2024-06-01 23:05:12.647 [info] > git ls-files --stage -- /home/naturalcapsule/.config/rofi/launchers/type-7/launcher.sh [2ms]
2024-06-01 23:05:12.651 [info] > git cat-file -s aa45aa9d84fb5ce0e5c48e9be527096906561ef7 [1ms]
2024-06-01 23:05:12.686 [info] > git check-ignore -v -z --stdin [1ms]
2024-06-01 23:05:13.541 [info] > git config --get commit.template [5ms]
2024-06-01 23:05:13.542 [info] > git for-each-ref --format=%(refname)%00%(upstream:short)%00%(objectname)%00%(upstream:track)%00%(upstream:remotename)%00%(upstream:remoteref) refs/heads/main refs/remotes/main [1ms]
2024-06-01 23:05:13.569 [info] > git status -z -uall [24ms]
2024-06-01 23:05:22.524 [info] > git show --textconv :rofi/launchers/type-7/style-1.rasi [4ms]
2024-06-01 23:05:22.525 [info] > git ls-files --stage -- /home/naturalcapsule/.config/rofi/launchers/type-7/style-1.rasi [1ms]
2024-06-01 23:05:22.528 [info] > git cat-file -s 98dd37a8b14db465abf98e363809067849d480ba [1ms]
2024-06-01 23:05:22.809 [info] > git check-ignore -v -z --stdin [2ms]
2024-06-01 23:05:22.861 [info] > git config --get commit.template [4ms]
2024-06-01 23:05:22.861 [info] > git for-each-ref --format=%(refname)%00%(upstream:short)%00%(objectname)%00%(upstream:track)%00%(upstream:remotename)%00%(upstream:remoteref) refs/heads/main refs/remotes/main [1ms]
2024-06-01 23:05:22.890 [info] > git status -z -uall [25ms]
2024-06-01 23:05:27.907 [info] > git config --get commit.template [4ms]
2024-06-01 23:05:27.907 [info] > git for-each-ref --format=%(refname)%00%(upstream:short)%00%(objectname)%00%(upstream:track)%00%(upstream:remotename)%00%(upstream:remoteref) refs/heads/main refs/remotes/main [1ms]
2024-06-01 23:05:27.934 [info] > git status -z -uall [23ms]
2024-06-01 23:05:32.949 [info] > git config --get commit.template [4ms]
2024-06-01 23:05:32.950 [info] > git for-each-ref --format=%(refname)%00%(upstream:short)%00%(objectname)%00%(upstream:track)%00%(upstream:remotename)%00%(upstream:remoteref) refs/heads/main refs/remotes/main [1ms]
2024-06-01 23:05:32.976 [info] > git status -z -uall [23ms]
2024-06-01 23:05:37.990 [info] > git config --get commit.template [4ms]
2024-06-01 23:05:37.991 [info] > git for-each-ref --format=%(refname)%00%(upstream:short)%00%(objectname)%00%(upstream:track)%00%(upstream:remotename)%00%(upstream:remoteref) refs/heads/main refs/remotes/main [1ms]
2024-06-01 23:05:38.017 [info] > git status -z -uall [23ms]
2024-06-01 23:06:08.056 [info] > git config --get commit.template [1ms]
2024-06-01 23:06:08.060 [info] > git for-each-ref --format=%(refname)%00%(upstream:short)%00%(objectname)%00%(upstream:track)%00%(upstream:remotename)%00%(upstream:remoteref) refs/heads/main refs/remotes/main [1ms]
2024-06-01 23:06:08.088 [info] > git status -z -uall [25ms]
2024-06-01 23:06:13.103 [info] > git config --get commit.template [4ms]
2024-06-01 23:06:13.104 [info] > git for-each-ref --format=%(refname)%00%(upstream:short)%00%(objectname)%00%(upstream:track)%00%(upstream:remotename)%00%(upstream:remoteref) refs/heads/main refs/remotes/main [1ms]
2024-06-01 23:06:13.131 [info] > git status -z -uall [24ms]
2024-06-01 23:07:14.362 [info] > git show --textconv :rofi/powermenu/type-6/style-1.rasi [4ms]
2024-06-01 23:07:14.363 [info] > git ls-files --stage -- /home/naturalcapsule/.config/rofi/powermenu/type-6/style-1.rasi [1ms]
2024-06-01 23:07:14.367 [info] > git cat-file -s fd30f370b7e740ce0f78b60f212f1910218dffae [1ms]
2024-06-01 23:07:14.641 [info] > git check-ignore -v -z --stdin [1ms]
2024-06-01 23:07:14.789 [info] > git config --get commit.template [4ms]
2024-06-01 23:07:14.789 [info] > git for-each-ref --format=%(refname)%00%(upstream:short)%00%(objectname)%00%(upstream:track)%00%(upstream:remotename)%00%(upstream:remoteref) refs/heads/main refs/remotes/main [1ms]
2024-06-01 23:07:14.817 [info] > git status -z -uall [24ms]
2024-06-01 23:07:19.829 [info] > git config --get commit.template [1ms]
2024-06-01 23:07:19.834 [info] > git for-each-ref --format=%(refname)%00%(upstream:short)%00%(objectname)%00%(upstream:track)%00%(upstream:remotename)%00%(upstream:remoteref) refs/heads/main refs/remotes/main [1ms]
2024-06-01 23:07:19.861 [info] > git status -z -uall [24ms]
2024-06-01 23:07:26.389 [info] > git show --textconv :rofi/powermenu/type-6/powermenu.sh [3ms]
2024-06-01 23:07:26.390 [info] > git ls-files --stage -- /home/naturalcapsule/.config/rofi/powermenu/type-6/powermenu.sh [1ms]
2024-06-01 23:07:26.393 [info] > git cat-file -s ad93fafbdf8735ec92450aef09575fcb1e8e198e [0ms]
2024-06-01 23:07:26.668 [info] > git check-ignore -v -z --stdin [2ms]
2024-06-01 23:07:28.007 [info] > git config --get commit.template [4ms]
2024-06-01 23:07:28.007 [info] > git for-each-ref --format=%(refname)%00%(upstream:short)%00%(objectname)%00%(upstream:track)%00%(upstream:remotename)%00%(upstream:remoteref) refs/heads/main refs/remotes/main [1ms]
2024-06-01 23:07:28.036 [info] > git status -z -uall [26ms]
2024-06-01 23:07:29.049 [info] > git show --textconv :rofi/powermenu/type-6/style-1.rasi [4ms]
2024-06-01 23:07:29.049 [info] > git ls-files --stage -- /home/naturalcapsule/.config/rofi/powermenu/type-6/style-1.rasi [1ms]
2024-06-01 23:07:29.053 [info] > git cat-file -s fd30f370b7e740ce0f78b60f212f1910218dffae [0ms]
2024-06-01 23:07:34.418 [info] > git config --get commit.template [4ms]
2024-06-01 23:07:34.419 [info] > git for-each-ref --format=%(refname)%00%(upstream:short)%00%(objectname)%00%(upstream:track)%00%(upstream:remotename)%00%(upstream:remoteref) refs/heads/main refs/remotes/main [1ms]
2024-06-01 23:07:34.447 [info] > git status -z -uall [24ms]
2024-06-01 23:07:39.463 [info] > git config --get commit.template [3ms]
2024-06-01 23:07:39.464 [info] > git for-each-ref --format=%(refname)%00%(upstream:short)%00%(objectname)%00%(upstream:track)%00%(upstream:remotename)%00%(upstream:remoteref) refs/heads/main refs/remotes/main [1ms]
2024-06-01 23:07:39.490 [info] > git status -z -uall [23ms]
2024-06-01 23:07:44.503 [info] > git config --get commit.template [4ms]
2024-06-01 23:07:44.504 [info] > git for-each-ref --format=%(refname)%00%(upstream:short)%00%(objectname)%00%(upstream:track)%00%(upstream:remotename)%00%(upstream:remoteref) refs/heads/main refs/remotes/main [1ms]
2024-06-01 23:07:44.530 [info] > git status -z -uall [23ms]
2024-06-01 23:07:49.543 [info] > git config --get commit.template [4ms]
2024-06-01 23:07:49.544 [info] > git for-each-ref --format=%(refname)%00%(upstream:short)%00%(objectname)%00%(upstream:track)%00%(upstream:remotename)%00%(upstream:remoteref) refs/heads/main refs/remotes/main [1ms]
2024-06-01 23:07:49.571 [info] > git status -z -uall [24ms]
2024-06-01 23:07:54.586 [info] > git config --get commit.template [4ms]
2024-06-01 23:07:54.586 [info] > git for-each-ref --format=%(refname)%00%(upstream:short)%00%(objectname)%00%(upstream:track)%00%(upstream:remotename)%00%(upstream:remoteref) refs/heads/main refs/remotes/main [1ms]
2024-06-01 23:07:54.613 [info] > git status -z -uall [24ms]
2024-06-01 23:07:59.625 [info] > git config --get commit.template [3ms]
2024-06-01 23:07:59.626 [info] > git for-each-ref --format=%(refname)%00%(upstream:short)%00%(objectname)%00%(upstream:track)%00%(upstream:remotename)%00%(upstream:remoteref) refs/heads/main refs/remotes/main [1ms]
2024-06-01 23:07:59.652 [info] > git status -z -uall [23ms]
2024-06-01 23:08:04.666 [info] > git config --get commit.template [4ms]
2024-06-01 23:08:04.667 [info] > git for-each-ref --format=%(refname)%00%(upstream:short)%00%(objectname)%00%(upstream:track)%00%(upstream:remotename)%00%(upstream:remoteref) refs/heads/main refs/remotes/main [1ms]
2024-06-01 23:08:04.693 [info] > git status -z -uall [23ms]
2024-06-01 23:08:09.710 [info] > git config --get commit.template [4ms]
2024-06-01 23:08:09.711 [info] > git for-each-ref --format=%(refname)%00%(upstream:short)%00%(objectname)%00%(upstream:track)%00%(upstream:remotename)%00%(upstream:remoteref) refs/heads/main refs/remotes/main [1ms]
2024-06-01 23:08:09.738 [info] > git status -z -uall [23ms]
2024-06-01 23:08:13.397 [info] > git show --textconv :rofi/launchers/type-7/style-1.rasi [4ms]
2024-06-01 23:08:13.398 [info] > git ls-files --stage -- /home/naturalcapsule/.config/rofi/launchers/type-7/style-1.rasi [1ms]
2024-06-01 23:08:13.402 [info] > git cat-file -s 98dd37a8b14db465abf98e363809067849d480ba [1ms]
2024-06-01 23:08:14.640 [info] > git rev-parse --show-toplevel [1ms]
2024-06-01 23:08:14.640 [info] fatal: not a git repository (or any parent up to mount point /)
Stopping at filesystem boundary (GIT_DISCOVERY_ACROSS_FILESYSTEM not set).
2024-06-01 23:08:14.750 [info] > git config --get commit.template [3ms]
2024-06-01 23:08:14.751 [info] > git for-each-ref --format=%(refname)%00%(upstream:short)%00%(objectname)%00%(upstream:track)%00%(upstream:remotename)%00%(upstream:remoteref) refs/heads/main refs/remotes/main [1ms]
2024-06-01 23:08:14.776 [info] > git status -z -uall [23ms]
2024-06-01 23:08:19.791 [info] > git config --get commit.template [4ms]
2024-06-01 23:08:19.792 [info] > git for-each-ref --format=%(refname)%00%(upstream:short)%00%(objectname)%00%(upstream:track)%00%(upstream:remotename)%00%(upstream:remoteref) refs/heads/main refs/remotes/main [2ms]
2024-06-01 23:08:19.818 [info] > git status -z -uall [23ms]
2024-06-01 23:08:24.831 [info] > git config --get commit.template [3ms]
2024-06-01 23:08:24.832 [info] > git for-each-ref --format=%(refname)%00%(upstream:short)%00%(objectname)%00%(upstream:track)%00%(upstream:remotename)%00%(upstream:remoteref) refs/heads/main refs/remotes/main [1ms]
2024-06-01 23:08:24.858 [info] > git status -z -uall [23ms]
2024-06-01 23:08:41.364 [info] > git config --get commit.template [5ms]
2024-06-01 23:08:41.365 [info] > git for-each-ref --format=%(refname)%00%(upstream:short)%00%(objectname)%00%(upstream:track)%00%(upstream:remotename)%00%(upstream:remoteref) refs/heads/main refs/remotes/main [1ms]
2024-06-01 23:08:41.394 [info] > git status -z -uall [25ms]
2024-06-01 23:08:46.408 [info] > git config --get commit.template [3ms]
2024-06-01 23:08:46.409 [info] > git for-each-ref --format=%(refname)%00%(upstream:short)%00%(objectname)%00%(upstream:track)%00%(upstream:remotename)%00%(upstream:remoteref) refs/heads/main refs/remotes/main [1ms]
2024-06-01 23:08:46.437 [info] > git status -z -uall [24ms]
2024-06-01 23:08:51.449 [info] > git config --get commit.template [3ms]
2024-06-01 23:08:51.450 [info] > git for-each-ref --format=%(refname)%00%(upstream:short)%00%(objectname)%00%(upstream:track)%00%(upstream:remotename)%00%(upstream:remoteref) refs/heads/main refs/remotes/main [1ms]
2024-06-01 23:08:51.477 [info] > git status -z -uall [23ms]
2024-06-01 23:08:56.490 [info] > git config --get commit.template [4ms]
2024-06-01 23:08:56.490 [info] > git for-each-ref --format=%(refname)%00%(upstream:short)%00%(objectname)%00%(upstream:track)%00%(upstream:remotename)%00%(upstream:remoteref) refs/heads/main refs/remotes/main [1ms]
2024-06-01 23:08:56.517 [info] > git status -z -uall [23ms]
2024-06-01 23:09:01.533 [info] > git config --get commit.template [6ms]
2024-06-01 23:09:01.533 [info] > git for-each-ref --format=%(refname)%00%(upstream:short)%00%(objectname)%00%(upstream:track)%00%(upstream:remotename)%00%(upstream:remoteref) refs/heads/main refs/remotes/main [1ms]
2024-06-01 23:09:01.562 [info] > git status -z -uall [24ms]
2024-06-01 23:09:03.338 [info] > git merge-base refs/heads/main refs/remotes/origin/main [1ms]
2024-06-01 23:09:03.343 [info] > git rev-list --count --left-right refs/heads/main...refs/remotes/origin/main [1ms]
2024-06-01 23:09:03.423 [info] > git rev-parse --show-toplevel [1ms]
2024-06-01 23:09:03.423 [info] fatal: not a git repository (or any parent up to mount point /)
Stopping at filesystem boundary (GIT_DISCOVERY_ACROSS_FILESYSTEM not set).
2024-06-01 23:09:03.952 [info] > git check-ignore -v -z --stdin [3ms]
2024-06-01 23:09:06.193 [info] > git check-ignore -v -z --stdin [4ms]
2024-06-01 23:09:06.575 [info] > git config --get commit.template [3ms]
2024-06-01 23:09:06.576 [info] > git for-each-ref --format=%(refname)%00%(upstream:short)%00%(objectname)%00%(upstream:track)%00%(upstream:remotename)%00%(upstream:remoteref) refs/heads/main refs/remotes/main [1ms]
2024-06-01 23:09:06.602 [info] > git status -z -uall [23ms]
2024-06-01 23:09:07.274 [info] > git check-ignore -v -z --stdin [4ms]
2024-06-01 23:09:07.990 [info] > git check-ignore -v -z --stdin [2ms]
