2024-05-31 22:55:49.135 [info] Using settings sync service https://vscode-sync.trafficmanager.net/
2024-05-31 22:55:49.135 [info] Auto Sync is enabled.
2024-05-31 22:55:49.135 [info] Auto Sync: Suspended until auth token is available.
2024-05-31 22:55:49.256 [info] Deleting non existing profile from backup /home/naturalcapsule/.config/Code/User/sync/settings
2024-05-31 22:55:49.555 [info] Auto Sync: Triggered by Interval
2024-05-31 22:55:49.556 [info] Sync started.
2024-05-31 22:55:50.126 [info] Settings: Last sync resource does not exist locally.
2024-05-31 22:55:50.242 [info] Settings: No changes found during synchronizing settings.
2024-05-31 22:55:50.244 [info] Sync done. Took 688ms
2024-05-31 22:56:32.411 [info] Auto Sync: Triggered by Activity
2024-05-31 22:56:32.411 [info] Sync started.
2024-05-31 22:56:32.508 [info] Settings: No changes found during synchronizing settings.
2024-05-31 22:56:32.508 [info] Sync done. Took 98ms
2024-05-31 22:56:52.753 [info] Auto Sync: Triggered by Activity
2024-05-31 22:56:52.753 [info] Sync started.
2024-05-31 22:56:52.853 [info] Settings: No changes found during synchronizing settings.
2024-05-31 22:56:52.854 [info] Sync done. Took 101ms
2024-05-31 22:57:30.071 [info] Auto Sync: Triggered by Activity
2024-05-31 22:57:30.071 [info] Sync started.
2024-05-31 22:57:30.163 [info] Settings: No changes found during synchronizing settings.
2024-05-31 22:57:30.164 [info] Sync done. Took 92ms
2024-05-31 22:58:09.934 [info] Auto Sync: Triggered by Activity
2024-05-31 22:58:09.934 [info] Sync started.
2024-05-31 22:58:10.028 [info] Settings: No changes found during synchronizing settings.
2024-05-31 22:58:10.029 [info] Sync done. Took 96ms
2024-05-31 22:58:42.159 [info] Auto Sync: Triggered by Activity
2024-05-31 22:58:42.159 [info] Sync started.
2024-05-31 22:58:42.251 [info] Settings: No changes found during synchronizing settings.
2024-05-31 22:58:42.251 [info] Sync done. Took 93ms
2024-05-31 23:01:04.676 [info] Auto Sync: Triggered by Activity
2024-05-31 23:01:04.676 [info] Sync started.
2024-05-31 23:01:05.057 [info] Settings: No changes found during synchronizing settings.
2024-05-31 23:01:05.058 [info] Sync done. Took 381ms
2024-05-31 23:01:22.130 [info] Auto Sync: Triggered by Activity
2024-05-31 23:01:22.130 [info] Sync started.
2024-05-31 23:01:22.226 [info] Settings: No changes found during synchronizing settings.
2024-05-31 23:01:22.228 [info] Sync done. Took 98ms
2024-05-31 23:01:53.846 [info] Auto Sync: Triggered by Activity
2024-05-31 23:01:53.846 [info] Sync started.
2024-05-31 23:01:53.939 [info] Settings: No changes found during synchronizing settings.
2024-05-31 23:01:53.940 [info] Sync done. Took 94ms
2024-05-31 23:02:15.973 [info] Auto Sync: Triggered by Activity
2024-05-31 23:02:15.973 [info] Sync started.
2024-05-31 23:02:16.064 [info] Settings: No changes found during synchronizing settings.
2024-05-31 23:02:16.065 [info] Sync done. Took 92ms
2024-05-31 23:02:39.341 [info] Auto Sync: Triggered by Activity
2024-05-31 23:02:39.341 [info] Sync started.
2024-05-31 23:02:39.455 [info] Settings: No changes found during synchronizing settings.
2024-05-31 23:02:39.456 [info] Sync done. Took 115ms
2024-05-31 23:03:00.979 [info] Auto Sync: Triggered by Activity
2024-05-31 23:03:00.979 [info] Sync started.
2024-05-31 23:03:01.066 [info] Settings: No changes found during synchronizing settings.
2024-05-31 23:03:01.067 [info] Sync done. Took 87ms
2024-05-31 23:03:13.449 [info] Auto Sync: Triggered by Activity
2024-05-31 23:03:13.449 [info] Sync started.
2024-05-31 23:03:13.547 [info] Settings: No changes found during synchronizing settings.
2024-05-31 23:03:13.548 [info] Sync done. Took 98ms
2024-05-31 23:03:25.860 [info] Auto Sync: Triggered by Activity
2024-05-31 23:03:25.861 [info] Sync started.
2024-05-31 23:03:25.949 [info] Settings: No changes found during synchronizing settings.
2024-05-31 23:03:25.951 [info] Sync done. Took 90ms
2024-05-31 23:03:44.187 [info] Auto Sync: Triggered by Activity
2024-05-31 23:03:44.187 [info] Sync started.
2024-05-31 23:03:44.272 [info] Settings: No changes found during synchronizing settings.
2024-05-31 23:03:44.273 [info] Sync done. Took 86ms
2024-05-31 23:03:58.391 [info] Auto Sync: Triggered by Activity
2024-05-31 23:03:58.391 [info] Sync started.
2024-05-31 23:03:58.485 [info] Settings: No changes found during synchronizing settings.
2024-05-31 23:03:58.485 [info] Sync done. Took 95ms
2024-05-31 23:04:49.082 [info] Auto Sync: Triggered by Activity
2024-05-31 23:04:49.083 [info] Sync started.
