2024-05-31 17:55:03.049 [info] Reading sessions from keychain...
2024-05-31 17:55:03.049 [info] Getting sessions for all scopes...
2024-05-31 17:55:03.049 [info] Getting sessions for all scopes...
2024-05-31 17:55:03.049 [info] Getting sessions for user:email...
2024-05-31 17:55:03.049 [info] Got stored sessions!
2024-05-31 17:55:03.049 [info] Got 2 verified sessions.
2024-05-31 17:55:03.049 [info] Got 2 sessions for ...
2024-05-31 17:55:03.049 [info] Got 2 sessions for ...
2024-05-31 17:55:03.049 [info] Got 1 sessions for user:email...
2024-05-31 17:55:03.049 [info] Getting sessions for all scopes...
2024-05-31 17:55:03.049 [info] Got 2 sessions for ...
2024-05-31 17:55:03.747 [info] Getting sessions for all scopes...
2024-05-31 17:55:03.747 [info] Got 2 sessions for ...
2024-05-31 17:55:03.747 [info] Getting sessions for read:user,repo,user:email...
2024-05-31 17:55:03.747 [info] Got 1 sessions for read:user,repo,user:email...
2024-05-31 17:55:18.902 [info] Getting sessions for all scopes...
2024-05-31 17:55:18.902 [info] Got 2 sessions for ...
2024-05-31 17:55:45.764 [info] Getting sessions for all scopes...
2024-05-31 17:55:45.764 [info] Got 2 sessions for ...
2024-05-31 18:00:46.988 [info] Getting sessions for all scopes...
2024-05-31 18:00:46.988 [info] Got 2 sessions for ...
2024-05-31 18:00:56.789 [info] Getting sessions for all scopes...
2024-05-31 18:00:56.789 [info] Got 2 sessions for ...
2024-05-31 18:02:27.294 [info] Getting sessions for all scopes...
2024-05-31 18:02:27.294 [info] Got 2 sessions for ...
2024-05-31 18:03:10.259 [info] Getting sessions for all scopes...
2024-05-31 18:03:10.259 [info] Got 2 sessions for ...
